2024-10-12 12:47:49 –û—à–∏–±–∫–∞ –ø—Ä–∏ —á—Ç–µ–Ω–∏–∏: End of file(2) –≤ —Ñ–∞–π–ª–µ C:\Users\Vovoc\project\booking_vr\source\websocket.cpp —Å—Ç—Ä–æ–∫–µ 48
2024-10-12 12:48:28 –û—à–∏–±–∫–∞ –ø—Ä–∏ —á—Ç–µ–Ω–∏–∏: End of file(2) –≤ —Ñ–∞–π–ª–µ C:\Users\Vovoc\project\booking_vr\source\websocket.cpp —Å—Ç—Ä–æ–∫–µ 48
2024-10-12 12:49:51 –û—à–∏–±–∫–∞ –ø—Ä–∏ –æ–±—Ä–∞–±–æ—Ç–∫–µ —Å–æ–æ–±—â–µ–Ω–∏—è: out of range [boost.json:17 at .\boost/json/impl/object.ipp:452:5 in function 'class boost::system::result<class boost::json::value const &,class boost::system::error_code> __cdecl boost::json::object::try_at(class boost::core::basic_string_view<char>) noexcept const']
2024-10-12 12:51:01 –û—à–∏–±–∫–∞ –ø—Ä–∏ —á—Ç–µ–Ω–∏–∏: End of file(2) –≤ —Ñ–∞–π–ª–µ C:\Users\Vovoc\project\booking_vr\source\websocket.cpp —Å—Ç—Ä–æ–∫–µ 48
2024-10-12 12:56:00 –û—à–∏–±–∫–∞ –ø—Ä–∏ —á—Ç–µ–Ω–∏–∏: End of file(2) –≤ —Ñ–∞–π–ª–µ C:\Users\Vovoc\project\booking_vr\source\websocket.cpp —Å—Ç—Ä–æ–∫–µ 48
2024-10-12 12:57:03 –û—à–∏–±–∫–∞ –ø—Ä–∏ —á—Ç–µ–Ω–∏–∏: End of file(2) –≤ —Ñ–∞–π–ª–µ C:\Users\Vovoc\project\booking_vr\source\websocket.cpp —Å—Ç—Ä–æ–∫–µ 48
2024-10-12 12:58:14 –û—à–∏–±–∫–∞ –ø—Ä–∏ —á—Ç–µ–Ω–∏–∏: End of file(2) –≤ —Ñ–∞–π–ª–µ C:\Users\Vovoc\project\booking_vr\source\websocket.cpp —Å—Ç—Ä–æ–∫–µ 48
2024-10-12 12:59:17 –û—à–∏–±–∫–∞ –ø—Ä–∏ —á—Ç–µ–Ω–∏–∏: End of file(2) –≤ —Ñ–∞–π–ª–µ C:\Users\Vovoc\project\booking_vr\source\websocket.cpp —Å—Ç—Ä–æ–∫–µ 48
2024-10-12 13:01:12 –û—à–∏–±–∫–∞ –ø—Ä–∏ —á—Ç–µ–Ω–∏–∏: End of file(2) –≤ —Ñ–∞–π–ª–µ C:\Users\Vovoc\project\booking_vr\source\websocket.cpp —Å—Ç—Ä–æ–∫–µ 48
2024-10-12 13:02:15 –û—à–∏–±–∫–∞ –ø—Ä–∏ —á—Ç–µ–Ω–∏–∏: End of file(2) –≤ —Ñ–∞–π–ª–µ C:\Users\Vovoc\project\booking_vr\source\websocket.cpp —Å—Ç—Ä–æ–∫–µ 48
2024-10-12 13:02:31 –û—à–∏–±–∫–∞ –ø—Ä–∏ —á—Ç–µ–Ω–∏–∏: End of file(2) –≤ —Ñ–∞–π–ª–µ C:\Users\Vovoc\project\booking_vr\source\websocket.cpp —Å—Ç—Ä–æ–∫–µ 48
2024-10-12 13:02:53 –û—à–∏–±–∫–∞ –ø—Ä–∏ —á—Ç–µ–Ω–∏–∏: End of file(2) –≤ —Ñ–∞–π–ª–µ C:\Users\Vovoc\project\booking_vr\source\websocket.cpp —Å—Ç—Ä–æ–∫–µ 48
2024-10-12 13:03:49 –û—à–∏–±–∫–∞ –ø—Ä–∏ —á—Ç–µ–Ω–∏–∏: End of file(2) –≤ —Ñ–∞–π–ª–µ C:\Users\Vovoc\project\booking_vr\source\websocket.cpp —Å—Ç—Ä–æ–∫–µ 48
2024-10-12 13:04:57 –û—à–∏–±–∫–∞ –ø—Ä–∏ —á—Ç–µ–Ω–∏–∏: End of file(2) –≤ —Ñ–∞–π–ª–µ C:\Users\Vovoc\project\booking_vr\source\websocket.cpp —Å—Ç—Ä–æ–∫–µ 48
2024-10-12 13:05:24 –û—à–∏–±–∫–∞ –ø—Ä–∏ —á—Ç–µ–Ω–∏–∏: End of file(2) –≤ —Ñ–∞–π–ª–µ C:\Users\Vovoc\project\booking_vr\source\websocket.cpp —Å—Ç—Ä–æ–∫–µ 48
2024-10-12 13:05:55 –û—à–∏–±–∫–∞ –ø—Ä–∏ —á—Ç–µ–Ω–∏–∏: End of file(2) –≤ —Ñ–∞–π–ª–µ C:\Users\Vovoc\project\booking_vr\source\websocket.cpp —Å—Ç—Ä–æ–∫–µ 48
2024-10-12 13:09:55 –û—à–∏–±–∫–∞ –ø—Ä–∏ —á—Ç–µ–Ω–∏–∏: End of file(2) –≤ —Ñ–∞–π–ª–µ C:\Users\Vovoc\project\booking_vr\source\websocket.cpp —Å—Ç—Ä–æ–∫–µ 48
2024-10-12 13:11:00 –û—à–∏–±–∫–∞ –ø—Ä–∏ —á—Ç–µ–Ω–∏–∏: End of file(2) –≤ —Ñ–∞–π–ª–µ C:\Users\Vovoc\project\booking_vr\source\websocket.cpp —Å—Ç—Ä–æ–∫–µ 48
2024-10-12 13:12:04 –û—à–∏–±–∫–∞ –ø—Ä–∏ —á—Ç–µ–Ω–∏–∏: End of file(2) –≤ —Ñ–∞–π–ª–µ C:\Users\Vovoc\project\booking_vr\source\websocket.cpp —Å—Ç—Ä–æ–∫–µ 48
2024-10-12 13:13:08 –û—à–∏–±–∫–∞ –ø—Ä–∏ —á—Ç–µ–Ω–∏–∏: End of file(2) –≤ —Ñ–∞–π–ª–µ C:\Users\Vovoc\project\booking_vr\source\websocket.cpp —Å—Ç—Ä–æ–∫–µ 48
2024-10-12 13:14:12 –û—à–∏–±–∫–∞ –ø—Ä–∏ —á—Ç–µ–Ω–∏–∏: End of file(2) –≤ —Ñ–∞–π–ª–µ C:\Users\Vovoc\project\booking_vr\source\websocket.cpp —Å—Ç—Ä–æ–∫–µ 48
2024-10-12 13:15:28 –û—à–∏–±–∫–∞ –ø—Ä–∏ —á—Ç–µ–Ω–∏–∏: End of file(2) –≤ —Ñ–∞–π–ª–µ C:\Users\Vovoc\project\booking_vr\source\websocket.cpp —Å—Ç—Ä–æ–∫–µ 48
2024-10-12 13:17:50 –û—à–∏–±–∫–∞ –ø—Ä–∏ —á—Ç–µ–Ω–∏–∏: End of file(2) –≤ —Ñ–∞–π–ª–µ C:\Users\Vovoc\project\booking_vr\source\websocket.cpp —Å—Ç—Ä–æ–∫–µ 48
2024-10-12 13:20:13 –û—à–∏–±–∫–∞ –ø—Ä–∏ —á—Ç–µ–Ω–∏–∏: End of file(2) –≤ —Ñ–∞–π–ª–µ C:\Users\Vovoc\project\booking_vr\source\websocket.cpp —Å—Ç—Ä–æ–∫–µ 48
2024-10-12 13:21:27 –û—à–∏–±–∫–∞ –ø—Ä–∏ —á—Ç–µ–Ω–∏–∏: End of file(2) –≤ —Ñ–∞–π–ª–µ C:\Users\Vovoc\project\booking_vr\source\websocket.cpp —Å—Ç—Ä–æ–∫–µ 48
2024-10-12 13:21:27 –û—à–∏–±–∫–∞ –ø—Ä–∏ —á—Ç–µ–Ω–∏–∏: End of file(2) –≤ —Ñ–∞–π–ª–µ C:\Users\Vovoc\project\booking_vr\source\websocket.cpp —Å—Ç—Ä–æ–∫–µ 48
2024-10-12 13:22:35 –û—à–∏–±–∫–∞ –ø—Ä–∏ —á—Ç–µ–Ω–∏–∏: End of file(2) –≤ —Ñ–∞–π–ª–µ C:\Users\Vovoc\project\booking_vr\source\websocket.cpp —Å—Ç—Ä–æ–∫–µ 48
2024-10-12 13:24:05 –û—à–∏–±–∫–∞ –ø—Ä–∏ —á—Ç–µ–Ω–∏–∏: End of file(2) –≤ —Ñ–∞–π–ª–µ C:\Users\Vovoc\project\booking_vr\source\websocket.cpp —Å—Ç—Ä–æ–∫–µ 48
2024-10-12 13:25:20 –û—à–∏–±–∫–∞ –ø—Ä–∏ —á—Ç–µ–Ω–∏–∏: End of file(2) –≤ —Ñ–∞–π–ª–µ C:\Users\Vovoc\project\booking_vr\source\websocket.cpp —Å—Ç—Ä–æ–∫–µ 48
2024-10-12 13:26:27 –û—à–∏–±–∫–∞ –ø—Ä–∏ —á—Ç–µ–Ω–∏–∏: End of file(2) –≤ —Ñ–∞–π–ª–µ C:\Users\Vovoc\project\booking_vr\source\websocket.cpp —Å—Ç—Ä–æ–∫–µ 48
2024-10-12 13:26:27 –û—à–∏–±–∫–∞ –ø—Ä–∏ —á—Ç–µ–Ω–∏–∏: End of file(2) –≤ —Ñ–∞–π–ª–µ C:\Users\Vovoc\project\booking_vr\source\websocket.cpp —Å—Ç—Ä–æ–∫–µ 48
2024-10-12 13:26:27 –û—à–∏–±–∫–∞ –ø—Ä–∏ —á—Ç–µ–Ω–∏–∏: End of file(2) –≤ —Ñ–∞–π–ª–µ C:\Users\Vovoc\project\booking_vr\source\websocket.cpp —Å—Ç—Ä–æ–∫–µ 48
2024-10-12 13:26:27 –û—à–∏–±–∫–∞ –ø—Ä–∏ —á—Ç–µ–Ω–∏–∏: End of file(2) –≤ —Ñ–∞–π–ª–µ C:\Users\Vovoc\project\booking_vr\source\websocket.cpp —Å—Ç—Ä–æ–∫–µ 48
2024-10-12 13:26:48 –û—à–∏–±–∫–∞ –ø—Ä–∏ —á—Ç–µ–Ω–∏–∏: End of file(2) –≤ —Ñ–∞–π–ª–µ C:\Users\Vovoc\project\booking_vr\source\websocket.cpp —Å—Ç—Ä–æ–∫–µ 48
2024-10-12 13:27:30 –û—à–∏–±–∫–∞ –ø—Ä–∏ —á—Ç–µ–Ω–∏–∏: End of file(2) –≤ —Ñ–∞–π–ª–µ C:\Users\Vovoc\project\booking_vr\source\websocket.cpp —Å—Ç—Ä–æ–∫–µ 48
2024-10-12 13:28:33 –û—à–∏–±–∫–∞ –ø—Ä–∏ —á—Ç–µ–Ω–∏–∏: End of file(2) –≤ —Ñ–∞–π–ª–µ C:\Users\Vovoc\project\booking_vr\source\websocket.cpp —Å—Ç—Ä–æ–∫–µ 48
2024-10-12 13:29:34 –û—à–∏–±–∫–∞ –ø—Ä–∏ —á—Ç–µ–Ω–∏–∏: End of file(2) –≤ —Ñ–∞–π–ª–µ C:\Users\Vovoc\project\booking_vr\source\websocket.cpp —Å—Ç—Ä–æ–∫–µ 48
2024-10-12 13:29:37 –û—à–∏–±–∫–∞ –ø—Ä–∏ —á—Ç–µ–Ω–∏–∏: End of file(2) –≤ —Ñ–∞–π–ª–µ C:\Users\Vovoc\project\booking_vr\source\websocket.cpp —Å—Ç—Ä–æ–∫–µ 48
2024-10-12 13:30:40 –û—à–∏–±–∫–∞ –ø—Ä–∏ —á—Ç–µ–Ω–∏–∏: End of file(2) –≤ —Ñ–∞–π–ª–µ C:\Users\Vovoc\project\booking_vr\source\websocket.cpp —Å—Ç—Ä–æ–∫–µ 48
2024-10-12 13:31:43 –û—à–∏–±–∫–∞ –ø—Ä–∏ —á—Ç–µ–Ω–∏–∏: End of file(2) –≤ —Ñ–∞–π–ª–µ C:\Users\Vovoc\project\booking_vr\source\websocket.cpp —Å—Ç—Ä–æ–∫–µ 48
2024-10-12 13:32:46 –û—à–∏–±–∫–∞ –ø—Ä–∏ —á—Ç–µ–Ω–∏–∏: End of file(2) –≤ —Ñ–∞–π–ª–µ C:\Users\Vovoc\project\booking_vr\source\websocket.cpp —Å—Ç—Ä–æ–∫–µ 48
2024-10-12 13:33:49 –û—à–∏–±–∫–∞ –ø—Ä–∏ —á—Ç–µ–Ω–∏–∏: End of file(2) –≤ —Ñ–∞–π–ª–µ C:\Users\Vovoc\project\booking_vr\source\websocket.cpp —Å—Ç—Ä–æ–∫–µ 48
2024-10-12 13:34:52 –û—à–∏–±–∫–∞ –ø—Ä–∏ —á—Ç–µ–Ω–∏–∏: End of file(2) –≤ —Ñ–∞–π–ª–µ C:\Users\Vovoc\project\booking_vr\source\websocket.cpp —Å—Ç—Ä–æ–∫–µ 48
2024-10-12 13:35:24 –û—à–∏–±–∫–∞ –ø—Ä–∏ —á—Ç–µ–Ω–∏–∏: End of file(2) –≤ —Ñ–∞–π–ª–µ C:\Users\Vovoc\project\booking_vr\source\websocket.cpp —Å—Ç—Ä–æ–∫–µ 48
2024-10-12 13:35:49 –û—à–∏–±–∫–∞ –ø—Ä–∏ —á—Ç–µ–Ω–∏–∏: End of file(2) –≤ —Ñ–∞–π–ª–µ C:\Users\Vovoc\project\booking_vr\source\websocket.cpp —Å—Ç—Ä–æ–∫–µ 48
2024-10-12 13:35:55 –û—à–∏–±–∫–∞ –ø—Ä–∏ —á—Ç–µ–Ω–∏–∏: End of file(2) –≤ —Ñ–∞–π–ª–µ C:\Users\Vovoc\project\booking_vr\source\websocket.cpp —Å—Ç—Ä–æ–∫–µ 48
2024-10-12 13:35:58 –û—à–∏–±–∫–∞ –ø—Ä–∏ —á—Ç–µ–Ω–∏–∏: End of file(2) –≤ —Ñ–∞–π–ª–µ C:\Users\Vovoc\project\booking_vr\source\websocket.cpp —Å—Ç—Ä–æ–∫–µ 48
2024-10-12 13:36:49 –û—à–∏–±–∫–∞ –ø—Ä–∏ —á—Ç–µ–Ω–∏–∏: End of file(2) –≤ —Ñ–∞–π–ª–µ C:\Users\Vovoc\project\booking_vr\source\websocket.cpp —Å—Ç—Ä–æ–∫–µ 48
2024-10-12 13:36:58 –û—à–∏–±–∫–∞ –ø—Ä–∏ —á—Ç–µ–Ω–∏–∏: End of file(2) –≤ —Ñ–∞–π–ª–µ C:\Users\Vovoc\project\booking_vr\source\websocket.cpp —Å—Ç—Ä–æ–∫–µ 48
2024-10-12 13:38:01 –û—à–∏–±–∫–∞ –ø—Ä–∏ —á—Ç–µ–Ω–∏–∏: End of file(2) –≤ —Ñ–∞–π–ª–µ C:\Users\Vovoc\project\booking_vr\source\websocket.cpp —Å—Ç—Ä–æ–∫–µ 48
2024-10-12 13:39:04 –û—à–∏–±–∫–∞ –ø—Ä–∏ —á—Ç–µ–Ω–∏–∏: End of file(2) –≤ —Ñ–∞–π–ª–µ C:\Users\Vovoc\project\booking_vr\source\websocket.cpp —Å—Ç—Ä–æ–∫–µ 48
2024-10-12 14:42:04 –û—à–∏–±–∫–∞ –ø—Ä–∏ —á—Ç–µ–Ω–∏–∏: End of file(2) –≤ —Ñ–∞–π–ª–µ C:\Users\Vovoc\project\booking_vr\source\websocket.cpp —Å—Ç—Ä–æ–∫–µ 48
2024-10-12 14:45:10 –û—à–∏–±–∫–∞ –ø—Ä–∏ —á—Ç–µ–Ω–∏–∏: End of file(2) –≤ —Ñ–∞–π–ª–µ C:\Users\Vovoc\project\booking_vr\source\websocket.cpp —Å—Ç—Ä–æ–∫–µ 48
2024-10-12 14:45:10 –û—à–∏–±–∫–∞ –ø—Ä–∏ —á—Ç–µ–Ω–∏–∏: End of file(2) –≤ —Ñ–∞–π–ª–µ C:\Users\Vovoc\project\booking_vr\source\websocket.cpp —Å—Ç—Ä–æ–∫–µ 48
2024-10-12 14:45:21 –û—à–∏–±–∫–∞ –ø—Ä–∏ —á—Ç–µ–Ω–∏–∏: End of file(2) –≤ —Ñ–∞–π–ª–µ C:\Users\Vovoc\project\booking_vr\source\websocket.cpp —Å—Ç—Ä–æ–∫–µ 48
2024-10-12 14:47:11 –û—à–∏–±–∫–∞ –ø—Ä–∏ —á—Ç–µ–Ω–∏–∏: End of file(2) –≤ —Ñ–∞–π–ª–µ C:\Users\Vovoc\project\booking_vr\source\websocket.cpp —Å—Ç—Ä–æ–∫–µ 48
2024-10-12 14:49:54 –û—à–∏–±–∫–∞ –ø—Ä–∏ —á—Ç–µ–Ω–∏–∏: End of file(2) –≤ —Ñ–∞–π–ª–µ C:\Users\Vovoc\project\booking_vr\source\websocket.cpp —Å—Ç—Ä–æ–∫–µ 48
2024-10-12 14:50:08 –û—à–∏–±–∫–∞ –ø—Ä–∏ —á—Ç–µ–Ω–∏–∏: End of file(2) –≤ —Ñ–∞–π–ª–µ C:\Users\Vovoc\project\booking_vr\source\websocket.cpp —Å—Ç—Ä–æ–∫–µ 48
2024-10-12 14:53:16 –û—à–∏–±–∫–∞ –ø—Ä–∏ —á—Ç–µ–Ω–∏–∏: End of file(2) –≤ —Ñ–∞–π–ª–µ C:\Users\Vovoc\project\booking_vr\source\websocket.cpp —Å—Ç—Ä–æ–∫–µ 48
2024-10-12 14:54:19 –û—à–∏–±–∫–∞ –ø—Ä–∏ —á—Ç–µ–Ω–∏–∏: End of file(2) –≤ —Ñ–∞–π–ª–µ C:\Users\Vovoc\project\booking_vr\source\websocket.cpp —Å—Ç—Ä–æ–∫–µ 48
2024-10-12 14:55:42 –û—à–∏–±–∫–∞ –ø—Ä–∏ —á—Ç–µ–Ω–∏–∏: End of file(2) –≤ —Ñ–∞–π–ª–µ C:\Users\Vovoc\project\booking_vr\source\websocket.cpp —Å—Ç—Ä–æ–∫–µ 48
2024-10-12 14:56:46 –û—à–∏–±–∫–∞ –ø—Ä–∏ —á—Ç–µ–Ω–∏–∏: End of file(2) –≤ —Ñ–∞–π–ª–µ C:\Users\Vovoc\project\booking_vr\source\websocket.cpp —Å—Ç—Ä–æ–∫–µ 48
2024-10-12 15:00:09 –û—à–∏–±–∫–∞ –ø—Ä–∏ —á—Ç–µ–Ω–∏–∏: End of file(2) –≤ —Ñ–∞–π–ª–µ C:\Users\Vovoc\project\booking_vr\source\websocket.cpp —Å—Ç—Ä–æ–∫–µ 48
2024-10-12 15:04:13 –û—à–∏–±–∫–∞ –ø—Ä–∏ —á—Ç–µ–Ω–∏–∏: End of file(2) –≤ —Ñ–∞–π–ª–µ C:\Users\Vovoc\project\booking_vr\source\websocket.cpp —Å—Ç—Ä–æ–∫–µ 48
2024-10-12 15:07:42 –û—à–∏–±–∫–∞ –ø—Ä–∏ —á—Ç–µ–Ω–∏–∏: End of file(2) –≤ —Ñ–∞–π–ª–µ C:\Users\Vovoc\project\booking_vr\source\websocket.cpp —Å—Ç—Ä–æ–∫–µ 48
2024-10-12 15:09:32 –û—à–∏–±–∫–∞ –ø—Ä–∏ —á—Ç–µ–Ω–∏–∏: End of file(2) –≤ —Ñ–∞–π–ª–µ C:\Users\Vovoc\project\booking_vr\source\websocket.cpp —Å—Ç—Ä–æ–∫–µ 48
2024-10-12 15:10:10 –û—à–∏–±–∫–∞ –ø—Ä–∏ —á—Ç–µ–Ω–∏–∏: End of file(2) –≤ —Ñ–∞–π–ª–µ C:\Users\Vovoc\project\booking_vr\source\websocket.cpp —Å—Ç—Ä–æ–∫–µ 48
2024-10-12 15:10:43 –û—à–∏–±–∫–∞ –ø—Ä–∏ —á—Ç–µ–Ω–∏–∏: End of file(2) –≤ —Ñ–∞–π–ª–µ C:\Users\Vovoc\project\booking_vr\source\websocket.cpp —Å—Ç—Ä–æ–∫–µ 48
2024-10-12 15:11:47 –û—à–∏–±–∫–∞ –ø—Ä–∏ —á—Ç–µ–Ω–∏–∏: End of file(2) –≤ —Ñ–∞–π–ª–µ C:\Users\Vovoc\project\booking_vr\source\websocket.cpp —Å—Ç—Ä–æ–∫–µ 48
2024-10-12 15:12:33 –û—à–∏–±–∫–∞ –ø—Ä–∏ —á—Ç–µ–Ω–∏–∏: End of file(2) –≤ —Ñ–∞–π–ª–µ C:\Users\Vovoc\project\booking_vr\source\websocket.cpp —Å—Ç—Ä–æ–∫–µ 48
2024-10-12 15:13:07 –û—à–∏–±–∫–∞ –ø—Ä–∏ —á—Ç–µ–Ω–∏–∏: End of file(2) –≤ —Ñ–∞–π–ª–µ C:\Users\Vovoc\project\booking_vr\source\websocket.cpp —Å—Ç—Ä–æ–∫–µ 48
2024-10-12 15:13:39 –û—à–∏–±–∫–∞ –ø—Ä–∏ —á—Ç–µ–Ω–∏–∏: End of file(2) –≤ —Ñ–∞–π–ª–µ C:\Users\Vovoc\project\booking_vr\source\websocket.cpp —Å—Ç—Ä–æ–∫–µ 48
2024-10-12 15:14:43 –û—à–∏–±–∫–∞ –ø—Ä–∏ —á—Ç–µ–Ω–∏–∏: End of file(2) –≤ —Ñ–∞–π–ª–µ C:\Users\Vovoc\project\booking_vr\source\websocket.cpp —Å—Ç—Ä–æ–∫–µ 48
2024-10-12 15:15:34 –û—à–∏–±–∫–∞ –ø—Ä–∏ —á—Ç–µ–Ω–∏–∏: End of file(2) –≤ —Ñ–∞–π–ª–µ C:\Users\Vovoc\project\booking_vr\source\websocket.cpp —Å—Ç—Ä–æ–∫–µ 48
2024-10-12 15:17:30 –û—à–∏–±–∫–∞ –ø—Ä–∏ —á—Ç–µ–Ω–∏–∏: End of file(2) –≤ —Ñ–∞–π–ª–µ C:\Users\Vovoc\project\booking_vr\source\websocket.cpp —Å—Ç—Ä–æ–∫–µ 48
2024-10-12 15:19:00 –û—à–∏–±–∫–∞ –ø—Ä–∏ —á—Ç–µ–Ω–∏–∏: End of file(2) –≤ —Ñ–∞–π–ª–µ C:\Users\Vovoc\project\booking_vr\source\websocket.cpp —Å—Ç—Ä–æ–∫–µ 48
2024-10-14 13:42:25 –û—à–∏–±–∫–∞ –ø—Ä–∏ —á—Ç–µ–Ω–∏–∏: ”‰‡ÎÂÌÌ˚È ıÓÒÚ ÔËÌÛ‰ËÚÂÎ¸ÌÓ ‡ÁÓ‚‡Î ÒÛ˘ÂÒÚ‚Û˛˘ÂÂ ÔÓ‰ÍÎ˛˜ÂÌËÂ(10054) –≤ —Ñ–∞–π–ª–µ C:\Users\Lyuxet\projects\booking_vr\source\websocket.cpp —Å—Ç—Ä–æ–∫–µ 48
2024-10-14 13:47:06 –û—à–∏–±–∫–∞ —á—Ç–µ–Ω–∏—è: end of stream(1) –≤ —Ñ–∞–π–ª–µ C:\Users\Lyuxet\projects\booking_vr\source\https_server.cpp —Å—Ç—Ä–æ–∫–µ 18
2024-10-14 14:29:21 –û—à–∏–±–∫–∞ –ø—Ä–∏ —á—Ç–µ–Ω–∏–∏: End of file(2) –≤ —Ñ–∞–π–ª–µ C:\Users\Lyuxet\projects\booking_vr\source\websocket.cpp —Å—Ç—Ä–æ–∫–µ 48
2024-10-14 15:03:46 –û—à–∏–±–∫–∞ —á—Ç–µ–Ω–∏—è: end of stream(1) –≤ —Ñ–∞–π–ª–µ C:\Users\Lyuxet\projects\booking_vr\source\https_server.cpp —Å—Ç—Ä–æ–∫–µ 18
2024-10-14 16:07:06 –û—à–∏–±–∫–∞ —á—Ç–µ–Ω–∏—è: end of stream(1) –≤ —Ñ–∞–π–ª–µ C:\Users\Lyuxet\projects\booking_vr\source\https_server.cpp —Å—Ç—Ä–æ–∫–µ 18
2024-10-14 16:08:09 –û—à–∏–±–∫–∞ —á—Ç–µ–Ω–∏—è: end of stream(1) –≤ —Ñ–∞–π–ª–µ C:\Users\Lyuxet\projects\booking_vr\source\https_server.cpp —Å—Ç—Ä–æ–∫–µ 18
2024-10-14 16:08:13 –û—à–∏–±–∫–∞ –ø—Ä–∏ –æ–±—Ä–∞–±–æ—Ç–∫–µ —Å–æ–æ–±—â–µ–Ω–∏—è: out of range [boost.json:17 at .\boost/json/impl/object.ipp:452:5 in function 'class boost::system::result<class boost::json::value const &,class boost::system::error_code> __cdecl boost::json::object::try_at(class boost::core::basic_string_view<char>) noexcept const']
2024-10-14 16:08:14 –û—à–∏–±–∫–∞ –ø—Ä–∏ –æ–±—Ä–∞–±–æ—Ç–∫–µ —Å–æ–æ–±—â–µ–Ω–∏—è: out of range [boost.json:17 at .\boost/json/impl/object.ipp:452:5 in function 'class boost::system::result<class boost::json::value const &,class boost::system::error_code> __cdecl boost::json::object::try_at(class boost::core::basic_string_view<char>) noexcept const']
2024-10-14 16:08:14 –û—à–∏–±–∫–∞ –ø—Ä–∏ –æ–±—Ä–∞–±–æ—Ç–∫–µ —Å–æ–æ–±—â–µ–Ω–∏—è: out of range [boost.json:17 at .\boost/json/impl/object.ipp:452:5 in function 'class boost::system::result<class boost::json::value const &,class boost::system::error_code> __cdecl boost::json::object::try_at(class boost::core::basic_string_view<char>) noexcept const']
2024-10-14 16:08:16 –û—à–∏–±–∫–∞ –ø—Ä–∏ –æ–±—Ä–∞–±–æ—Ç–∫–µ —Å–æ–æ–±—â–µ–Ω–∏—è: out of range [boost.json:17 at .\boost/json/impl/object.ipp:452:5 in function 'class boost::system::result<class boost::json::value const &,class boost::system::error_code> __cdecl boost::json::object::try_at(class boost::core::basic_string_view<char>) noexcept const']
2024-10-14 16:08:21 –û—à–∏–±–∫–∞ –ø—Ä–∏ –æ–±—Ä–∞–±–æ—Ç–∫–µ —Å–æ–æ–±—â–µ–Ω–∏—è: out of range [boost.json:17 at .\boost/json/impl/object.ipp:452:5 in function 'class boost::system::result<class boost::json::value const &,class boost::system::error_code> __cdecl boost::json::object::try_at(class boost::core::basic_string_view<char>) noexcept const']
2024-10-14 16:08:22 –û—à–∏–±–∫–∞ –ø—Ä–∏ –æ–±—Ä–∞–±–æ—Ç–∫–µ —Å–æ–æ–±—â–µ–Ω–∏—è: out of range [boost.json:17 at .\boost/json/impl/object.ipp:452:5 in function 'class boost::system::result<class boost::json::value const &,class boost::system::error_code> __cdecl boost::json::object::try_at(class boost::core::basic_string_view<char>) noexcept const']
2024-10-14 16:08:23 –û—à–∏–±–∫–∞ –ø—Ä–∏ –æ–±—Ä–∞–±–æ—Ç–∫–µ —Å–æ–æ–±—â–µ–Ω–∏—è: out of range [boost.json:17 at .\boost/json/impl/object.ipp:452:5 in function 'class boost::system::result<class boost::json::value const &,class boost::system::error_code> __cdecl boost::json::object::try_at(class boost::core::basic_string_view<char>) noexcept const']
2024-10-14 16:08:24 –û—à–∏–±–∫–∞ –ø—Ä–∏ –æ–±—Ä–∞–±–æ—Ç–∫–µ —Å–æ–æ–±—â–µ–Ω–∏—è: out of range [boost.json:17 at .\boost/json/impl/object.ipp:452:5 in function 'class boost::system::result<class boost::json::value const &,class boost::system::error_code> __cdecl boost::json::object::try_at(class boost::core::basic_string_view<char>) noexcept const']
2024-10-14 16:08:24 –û—à–∏–±–∫–∞ –ø—Ä–∏ –æ–±—Ä–∞–±–æ—Ç–∫–µ —Å–æ–æ–±—â–µ–Ω–∏—è: out of range [boost.json:17 at .\boost/json/impl/object.ipp:452:5 in function 'class boost::system::result<class boost::json::value const &,class boost::system::error_code> __cdecl boost::json::object::try_at(class boost::core::basic_string_view<char>) noexcept const']
2024-10-14 16:08:34 –û—à–∏–±–∫–∞ –ø—Ä–∏ –æ–±—Ä–∞–±–æ—Ç–∫–µ —Å–æ–æ–±—â–µ–Ω–∏—è: out of range [boost.json:17 at .\boost/json/impl/object.ipp:452:5 in function 'class boost::system::result<class boost::json::value const &,class boost::system::error_code> __cdecl boost::json::object::try_at(class boost::core::basic_string_view<char>) noexcept const']
2024-10-14 16:08:48 –û—à–∏–±–∫–∞ –ø—Ä–∏ –æ–±—Ä–∞–±–æ—Ç–∫–µ —Å–æ–æ–±—â–µ–Ω–∏—è: out of range [boost.json:17 at .\boost/json/impl/object.ipp:452:5 in function 'class boost::system::result<class boost::json::value const &,class boost::system::error_code> __cdecl boost::json::object::try_at(class boost::core::basic_string_view<char>) noexcept const']
2024-10-14 16:08:49 –û—à–∏–±–∫–∞ –ø—Ä–∏ –æ–±—Ä–∞–±–æ—Ç–∫–µ —Å–æ–æ–±—â–µ–Ω–∏—è: out of range [boost.json:17 at .\boost/json/impl/object.ipp:452:5 in function 'class boost::system::result<class boost::json::value const &,class boost::system::error_code> __cdecl boost::json::object::try_at(class boost::core::basic_string_view<char>) noexcept const']
2024-10-14 16:08:51 –û—à–∏–±–∫–∞ –ø—Ä–∏ –æ–±—Ä–∞–±–æ—Ç–∫–µ —Å–æ–æ–±—â–µ–Ω–∏—è: out of range [boost.json:17 at .\boost/json/impl/object.ipp:452:5 in function 'class boost::system::result<class boost::json::value const &,class boost::system::error_code> __cdecl boost::json::object::try_at(class boost::core::basic_string_view<char>) noexcept const']
2024-10-14 16:11:14 –û—à–∏–±–∫–∞ –ø—Ä–∏ –æ–±—Ä–∞–±–æ—Ç–∫–µ —Å–æ–æ–±—â–µ–Ω–∏—è: out of range [boost.json:17 at .\boost/json/impl/object.ipp:452:5 in function 'class boost::system::result<class boost::json::value const &,class boost::system::error_code> __cdecl boost::json::object::try_at(class boost::core::basic_string_view<char>) noexcept const']
2024-10-14 16:11:14 –û—à–∏–±–∫–∞ –ø—Ä–∏ –æ–±—Ä–∞–±–æ—Ç–∫–µ —Å–æ–æ–±—â–µ–Ω–∏—è: out of range [boost.json:17 at .\boost/json/impl/object.ipp:452:5 in function 'class boost::system::result<class boost::json::value const &,class boost::system::error_code> __cdecl boost::json::object::try_at(class boost::core::basic_string_view<char>) noexcept const']
2024-10-14 16:11:15 –û—à–∏–±–∫–∞ –ø—Ä–∏ –æ–±—Ä–∞–±–æ—Ç–∫–µ —Å–æ–æ–±—â–µ–Ω–∏—è: out of range [boost.json:17 at .\boost/json/impl/object.ipp:452:5 in function 'class boost::system::result<class boost::json::value const &,class boost::system::error_code> __cdecl boost::json::object::try_at(class boost::core::basic_string_view<char>) noexcept const']
2024-10-14 16:11:59 –û—à–∏–±–∫–∞ –ø—Ä–∏ –æ–±—Ä–∞–±–æ—Ç–∫–µ —Å–æ–æ–±—â–µ–Ω–∏—è: out of range [boost.json:17 at .\boost/json/impl/object.ipp:452:5 in function 'class boost::system::result<class boost::json::value const &,class boost::system::error_code> __cdecl boost::json::object::try_at(class boost::core::basic_string_view<char>) noexcept const']
2024-10-14 16:12:02 –û—à–∏–±–∫–∞ –ø—Ä–∏ –æ–±—Ä–∞–±–æ—Ç–∫–µ —Å–æ–æ–±—â–µ–Ω–∏—è: out of range [boost.json:17 at .\boost/json/impl/object.ipp:452:5 in function 'class boost::system::result<class boost::json::value const &,class boost::system::error_code> __cdecl boost::json::object::try_at(class boost::core::basic_string_view<char>) noexcept const']
2024-10-14 16:12:02 –û—à–∏–±–∫–∞ –ø—Ä–∏ –æ–±—Ä–∞–±–æ—Ç–∫–µ —Å–æ–æ–±—â–µ–Ω–∏—è: out of range [boost.json:17 at .\boost/json/impl/object.ipp:452:5 in function 'class boost::system::result<class boost::json::value const &,class boost::system::error_code> __cdecl boost::json::object::try_at(class boost::core::basic_string_view<char>) noexcept const']
2024-10-14 16:12:02 –û—à–∏–±–∫–∞ –ø—Ä–∏ –æ–±—Ä–∞–±–æ—Ç–∫–µ —Å–æ–æ–±—â–µ–Ω–∏—è: out of range [boost.json:17 at .\boost/json/impl/object.ipp:452:5 in function 'class boost::system::result<class boost::json::value const &,class boost::system::error_code> __cdecl boost::json::object::try_at(class boost::core::basic_string_view<char>) noexcept const']
2024-10-14 16:12:21 –û—à–∏–±–∫–∞ –ø—Ä–∏ –æ–±—Ä–∞–±–æ—Ç–∫–µ —Å–æ–æ–±—â–µ–Ω–∏—è: out of range [boost.json:17 at .\boost/json/impl/object.ipp:452:5 in function 'class boost::system::result<class boost::json::value const &,class boost::system::error_code> __cdecl boost::json::object::try_at(class boost::core::basic_string_view<char>) noexcept const']
2024-10-14 16:12:21 –û—à–∏–±–∫–∞ –ø—Ä–∏ –æ–±—Ä–∞–±–æ—Ç–∫–µ —Å–æ–æ–±—â–µ–Ω–∏—è: out of range [boost.json:17 at .\boost/json/impl/object.ipp:452:5 in function 'class boost::system::result<class boost::json::value const &,class boost::system::error_code> __cdecl boost::json::object::try_at(class boost::core::basic_string_view<char>) noexcept const']
2024-10-14 16:12:22 –û—à–∏–±–∫–∞ –ø—Ä–∏ –æ–±—Ä–∞–±–æ—Ç–∫–µ —Å–æ–æ–±—â–µ–Ω–∏—è: out of range [boost.json:17 at .\boost/json/impl/object.ipp:452:5 in function 'class boost::system::result<class boost::json::value const &,class boost::system::error_code> __cdecl boost::json::object::try_at(class boost::core::basic_string_view<char>) noexcept const']
2024-10-14 16:12:24 –û—à–∏–±–∫–∞ –ø—Ä–∏ –æ–±—Ä–∞–±–æ—Ç–∫–µ —Å–æ–æ–±—â–µ–Ω–∏—è: out of range [boost.json:17 at .\boost/json/impl/object.ipp:452:5 in function 'class boost::system::result<class boost::json::value const &,class boost::system::error_code> __cdecl boost::json::object::try_at(class boost::core::basic_string_view<char>) noexcept const']
2024-10-14 16:12:24 –û—à–∏–±–∫–∞ –ø—Ä–∏ –æ–±—Ä–∞–±–æ—Ç–∫–µ —Å–æ–æ–±—â–µ–Ω–∏—è: out of range [boost.json:17 at .\boost/json/impl/object.ipp:452:5 in function 'class boost::system::result<class boost::json::value const &,class boost::system::error_code> __cdecl boost::json::object::try_at(class boost::core::basic_string_view<char>) noexcept const']
2024-10-14 16:12:57 –û—à–∏–±–∫–∞ –ø—Ä–∏ –æ–±—Ä–∞–±–æ—Ç–∫–µ —Å–æ–æ–±—â–µ–Ω–∏—è: out of range [boost.json:17 at .\boost/json/impl/object.ipp:452:5 in function 'class boost::system::result<class boost::json::value const &,class boost::system::error_code> __cdecl boost::json::object::try_at(class boost::core::basic_string_view<char>) noexcept const']
2024-10-14 16:31:09 –û—à–∏–±–∫–∞ –ø—Ä–∏ –æ–±—Ä–∞–±–æ—Ç–∫–µ —Å–æ–æ–±—â–µ–Ω–∏—è: out of range [boost.json:17 at .\boost/json/impl/object.ipp:452:5 in function 'class boost::system::result<class boost::json::value const &,class boost::system::error_code> __cdecl boost::json::object::try_at(class boost::core::basic_string_view<char>) noexcept const']
2024-10-14 16:31:10 –û—à–∏–±–∫–∞ –ø—Ä–∏ –æ–±—Ä–∞–±–æ—Ç–∫–µ —Å–æ–æ–±—â–µ–Ω–∏—è: out of range [boost.json:17 at .\boost/json/impl/object.ipp:452:5 in function 'class boost::system::result<class boost::json::value const &,class boost::system::error_code> __cdecl boost::json::object::try_at(class boost::core::basic_string_view<char>) noexcept const']
2024-10-14 16:31:10 –û—à–∏–±–∫–∞ –ø—Ä–∏ –æ–±—Ä–∞–±–æ—Ç–∫–µ —Å–æ–æ–±—â–µ–Ω–∏—è: out of range [boost.json:17 at .\boost/json/impl/object.ipp:452:5 in function 'class boost::system::result<class boost::json::value const &,class boost::system::error_code> __cdecl boost::json::object::try_at(class boost::core::basic_string_view<char>) noexcept const']
2024-10-14 16:31:11 –û—à–∏–±–∫–∞ –ø—Ä–∏ –æ–±—Ä–∞–±–æ—Ç–∫–µ —Å–æ–æ–±—â–µ–Ω–∏—è: out of range [boost.json:17 at .\boost/json/impl/object.ipp:452:5 in function 'class boost::system::result<class boost::json::value const &,class boost::system::error_code> __cdecl boost::json::object::try_at(class boost::core::basic_string_view<char>) noexcept const']
2024-10-14 16:31:11 –û—à–∏–±–∫–∞ –ø—Ä–∏ –æ–±—Ä–∞–±–æ—Ç–∫–µ —Å–æ–æ–±—â–µ–Ω–∏—è: out of range [boost.json:17 at .\boost/json/impl/object.ipp:452:5 in function 'class boost::system::result<class boost::json::value const &,class boost::system::error_code> __cdecl boost::json::object::try_at(class boost::core::basic_string_view<char>) noexcept const']
2024-10-14 16:31:12 –û—à–∏–±–∫–∞ –ø—Ä–∏ –æ–±—Ä–∞–±–æ—Ç–∫–µ —Å–æ–æ–±—â–µ–Ω–∏—è: out of range [boost.json:17 at .\boost/json/impl/object.ipp:452:5 in function 'class boost::system::result<class boost::json::value const &,class boost::system::error_code> __cdecl boost::json::object::try_at(class boost::core::basic_string_view<char>) noexcept const']
2024-10-14 16:31:57 –û—à–∏–±–∫–∞ –ø—Ä–∏ –æ–±—Ä–∞–±–æ—Ç–∫–µ —Å–æ–æ–±—â–µ–Ω–∏—è: out of range [boost.json:17 at .\boost/json/impl/object.ipp:452:5 in function 'class boost::system::result<class boost::json::value const &,class boost::system::error_code> __cdecl boost::json::object::try_at(class boost::core::basic_string_view<char>) noexcept const']
2024-10-14 16:32:25 –û—à–∏–±–∫–∞ –ø—Ä–∏ –æ–±—Ä–∞–±–æ—Ç–∫–µ —Å–æ–æ–±—â–µ–Ω–∏—è: out of range [boost.json:17 at .\boost/json/impl/object.ipp:452:5 in function 'class boost::system::result<class boost::json::value const &,class boost::system::error_code> __cdecl boost::json::object::try_at(class boost::core::basic_string_view<char>) noexcept const']
2024-10-14 16:32:37 –û—à–∏–±–∫–∞ —á—Ç–µ–Ω–∏—è: end of stream(1) –≤ —Ñ–∞–π–ª–µ C:\Users\Lyuxet\projects\booking_vr\source\https_server.cpp —Å—Ç—Ä–æ–∫–µ 18
2024-10-14 16:33:51 –û—à–∏–±–∫–∞ –ø—Ä–∏ –æ–±—Ä–∞–±–æ—Ç–∫–µ —Å–æ–æ–±—â–µ–Ω–∏—è: out of range [boost.json:17 at .\boost/json/impl/object.ipp:452:5 in function 'class boost::system::result<class boost::json::value const &,class boost::system::error_code> __cdecl boost::json::object::try_at(class boost::core::basic_string_view<char>) noexcept const']
2024-10-14 16:34:37 –û—à–∏–±–∫–∞ –ø—Ä–∏ –æ–±—Ä–∞–±–æ—Ç–∫–µ —Å–æ–æ–±—â–µ–Ω–∏—è: out of range [boost.json:17 at .\boost/json/impl/object.ipp:452:5 in function 'class boost::system::result<class boost::json::value const &,class boost::system::error_code> __cdecl boost::json::object::try_at(class boost::core::basic_string_view<char>) noexcept const']
2024-10-14 16:34:41 –û—à–∏–±–∫–∞ –ø—Ä–∏ –æ–±—Ä–∞–±–æ—Ç–∫–µ —Å–æ–æ–±—â–µ–Ω–∏—è: out of range [boost.json:17 at .\boost/json/impl/object.ipp:452:5 in function 'class boost::system::result<class boost::json::value const &,class boost::system::error_code> __cdecl boost::json::object::try_at(class boost::core::basic_string_view<char>) noexcept const']
2024-10-14 16:34:41 –û—à–∏–±–∫–∞ –ø—Ä–∏ –æ–±—Ä–∞–±–æ—Ç–∫–µ —Å–æ–æ–±—â–µ–Ω–∏—è: out of range [boost.json:17 at .\boost/json/impl/object.ipp:452:5 in function 'class boost::system::result<class boost::json::value const &,class boost::system::error_code> __cdecl boost::json::object::try_at(class boost::core::basic_string_view<char>) noexcept const']
2024-10-14 16:36:54 –û—à–∏–±–∫–∞ –ø—Ä–∏ –æ–±—Ä–∞–±–æ—Ç–∫–µ —Å–æ–æ–±—â–µ–Ω–∏—è: out of range [boost.json:17 at .\boost/json/impl/object.ipp:452:5 in function 'class boost::system::result<class boost::json::value const &,class boost::system::error_code> __cdecl boost::json::object::try_at(class boost::core::basic_string_view<char>) noexcept const']
2024-10-14 16:37:01 –û—à–∏–±–∫–∞ –ø—Ä–∏ –æ–±—Ä–∞–±–æ—Ç–∫–µ —Å–æ–æ–±—â–µ–Ω–∏—è: out of range [boost.json:17 at .\boost/json/impl/object.ipp:452:5 in function 'class boost::system::result<class boost::json::value const &,class boost::system::error_code> __cdecl boost::json::object::try_at(class boost::core::basic_string_view<char>) noexcept const']
2024-10-14 16:37:02 –û—à–∏–±–∫–∞ –ø—Ä–∏ –æ–±—Ä–∞–±–æ—Ç–∫–µ —Å–æ–æ–±—â–µ–Ω–∏—è: out of range [boost.json:17 at .\boost/json/impl/object.ipp:452:5 in function 'class boost::system::result<class boost::json::value const &,class boost::system::error_code> __cdecl boost::json::object::try_at(class boost::core::basic_string_view<char>) noexcept const']
2024-10-14 16:37:03 –û—à–∏–±–∫–∞ –ø—Ä–∏ –æ–±—Ä–∞–±–æ—Ç–∫–µ —Å–æ–æ–±—â–µ–Ω–∏—è: out of range [boost.json:17 at .\boost/json/impl/object.ipp:452:5 in function 'class boost::system::result<class boost::json::value const &,class boost::system::error_code> __cdecl boost::json::object::try_at(class boost::core::basic_string_view<char>) noexcept const']
2024-10-14 16:37:04 –û—à–∏–±–∫–∞ –ø—Ä–∏ –æ–±—Ä–∞–±–æ—Ç–∫–µ —Å–æ–æ–±—â–µ–Ω–∏—è: out of range [boost.json:17 at .\boost/json/impl/object.ipp:452:5 in function 'class boost::system::result<class boost::json::value const &,class boost::system::error_code> __cdecl boost::json::object::try_at(class boost::core::basic_string_view<char>) noexcept const']
2024-10-14 16:37:16 –û—à–∏–±–∫–∞ –ø—Ä–∏ –æ–±—Ä–∞–±–æ—Ç–∫–µ —Å–æ–æ–±—â–µ–Ω–∏—è: out of range [boost.json:17 at .\boost/json/impl/object.ipp:452:5 in function 'class boost::system::result<class boost::json::value const &,class boost::system::error_code> __cdecl boost::json::object::try_at(class boost::core::basic_string_view<char>) noexcept const']
2024-10-14 16:37:17 –û—à–∏–±–∫–∞ –ø—Ä–∏ –æ–±—Ä–∞–±–æ—Ç–∫–µ —Å–æ–æ–±—â–µ–Ω–∏—è: out of range [boost.json:17 at .\boost/json/impl/object.ipp:452:5 in function 'class boost::system::result<class boost::json::value const &,class boost::system::error_code> __cdecl boost::json::object::try_at(class boost::core::basic_string_view<char>) noexcept const']
2024-10-14 16:37:17 –û—à–∏–±–∫–∞ –ø—Ä–∏ –æ–±—Ä–∞–±–æ—Ç–∫–µ —Å–æ–æ–±—â–µ–Ω–∏—è: out of range [boost.json:17 at .\boost/json/impl/object.ipp:452:5 in function 'class boost::system::result<class boost::json::value const &,class boost::system::error_code> __cdecl boost::json::object::try_at(class boost::core::basic_string_view<char>) noexcept const']
2024-10-14 16:37:20 –û—à–∏–±–∫–∞ –ø—Ä–∏ –æ–±—Ä–∞–±–æ—Ç–∫–µ —Å–æ–æ–±—â–µ–Ω–∏—è: out of range [boost.json:17 at .\boost/json/impl/object.ipp:452:5 in function 'class boost::system::result<class boost::json::value const &,class boost::system::error_code> __cdecl boost::json::object::try_at(class boost::core::basic_string_view<char>) noexcept const']
2024-10-14 16:38:06 –û—à–∏–±–∫–∞ —á—Ç–µ–Ω–∏—è: end of stream(1) –≤ —Ñ–∞–π–ª–µ C:\Users\Lyuxet\projects\booking_vr\source\https_server.cpp —Å—Ç—Ä–æ–∫–µ 18
2024-10-14 16:42:01 –û—à–∏–±–∫–∞ –ø—Ä–∏ –æ–±—Ä–∞–±–æ—Ç–∫–µ —Å–æ–æ–±—â–µ–Ω–∏—è: out of range [boost.json:17 at .\boost/json/impl/object.ipp:452:5 in function 'class boost::system::result<class boost::json::value const &,class boost::system::error_code> __cdecl boost::json::object::try_at(class boost::core::basic_string_view<char>) noexcept const']
2024-10-14 16:42:02 –û—à–∏–±–∫–∞ –ø—Ä–∏ –æ–±—Ä–∞–±–æ—Ç–∫–µ —Å–æ–æ–±—â–µ–Ω–∏—è: out of range [boost.json:17 at .\boost/json/impl/object.ipp:452:5 in function 'class boost::system::result<class boost::json::value const &,class boost::system::error_code> __cdecl boost::json::object::try_at(class boost::core::basic_string_view<char>) noexcept const']
2024-10-14 16:42:09 –û—à–∏–±–∫–∞ –ø—Ä–∏ –æ–±—Ä–∞–±–æ—Ç–∫–µ —Å–æ–æ–±—â–µ–Ω–∏—è: out of range [boost.json:17 at .\boost/json/impl/object.ipp:452:5 in function 'class boost::system::result<class boost::json::value const &,class boost::system::error_code> __cdecl boost::json::object::try_at(class boost::core::basic_string_view<char>) noexcept const']
2024-10-14 16:42:10 –û—à–∏–±–∫–∞ –ø—Ä–∏ –æ–±—Ä–∞–±–æ—Ç–∫–µ —Å–æ–æ–±—â–µ–Ω–∏—è: out of range [boost.json:17 at .\boost/json/impl/object.ipp:452:5 in function 'class boost::system::result<class boost::json::value const &,class boost::system::error_code> __cdecl boost::json::object::try_at(class boost::core::basic_string_view<char>) noexcept const']
2024-10-14 16:42:10 –û—à–∏–±–∫–∞ –ø—Ä–∏ –æ–±—Ä–∞–±–æ—Ç–∫–µ —Å–æ–æ–±—â–µ–Ω–∏—è: out of range [boost.json:17 at .\boost/json/impl/object.ipp:452:5 in function 'class boost::system::result<class boost::json::value const &,class boost::system::error_code> __cdecl boost::json::object::try_at(class boost::core::basic_string_view<char>) noexcept const']
2024-10-14 16:42:11 –û—à–∏–±–∫–∞ –ø—Ä–∏ –æ–±—Ä–∞–±–æ—Ç–∫–µ —Å–æ–æ–±—â–µ–Ω–∏—è: out of range [boost.json:17 at .\boost/json/impl/object.ipp:452:5 in function 'class boost::system::result<class boost::json::value const &,class boost::system::error_code> __cdecl boost::json::object::try_at(class boost::core::basic_string_view<char>) noexcept const']
2024-10-14 16:42:11 –û—à–∏–±–∫–∞ –ø—Ä–∏ –æ–±—Ä–∞–±–æ—Ç–∫–µ —Å–æ–æ–±—â–µ–Ω–∏—è: out of range [boost.json:17 at .\boost/json/impl/object.ipp:452:5 in function 'class boost::system::result<class boost::json::value const &,class boost::system::error_code> __cdecl boost::json::object::try_at(class boost::core::basic_string_view<char>) noexcept const']
2024-10-14 16:42:12 –û—à–∏–±–∫–∞ –ø—Ä–∏ –æ–±—Ä–∞–±–æ—Ç–∫–µ —Å–æ–æ–±—â–µ–Ω–∏—è: out of range [boost.json:17 at .\boost/json/impl/object.ipp:452:5 in function 'class boost::system::result<class boost::json::value const &,class boost::system::error_code> __cdecl boost::json::object::try_at(class boost::core::basic_string_view<char>) noexcept const']
2024-10-14 16:42:12 –û—à–∏–±–∫–∞ –ø—Ä–∏ –æ–±—Ä–∞–±–æ—Ç–∫–µ —Å–æ–æ–±—â–µ–Ω–∏—è: out of range [boost.json:17 at .\boost/json/impl/object.ipp:452:5 in function 'class boost::system::result<class boost::json::value const &,class boost::system::error_code> __cdecl boost::json::object::try_at(class boost::core::basic_string_view<char>) noexcept const']
2024-10-14 16:42:13 –û—à–∏–±–∫–∞ –ø—Ä–∏ –æ–±—Ä–∞–±–æ—Ç–∫–µ —Å–æ–æ–±—â–µ–Ω–∏—è: out of range [boost.json:17 at .\boost/json/impl/object.ipp:452:5 in function 'class boost::system::result<class boost::json::value const &,class boost::system::error_code> __cdecl boost::json::object::try_at(class boost::core::basic_string_view<char>) noexcept const']
2024-10-14 16:42:13 –û—à–∏–±–∫–∞ –ø—Ä–∏ –æ–±—Ä–∞–±–æ—Ç–∫–µ —Å–æ–æ–±—â–µ–Ω–∏—è: out of range [boost.json:17 at .\boost/json/impl/object.ipp:452:5 in function 'class boost::system::result<class boost::json::value const &,class boost::system::error_code> __cdecl boost::json::object::try_at(class boost::core::basic_string_view<char>) noexcept const']
2024-10-14 16:42:14 –û—à–∏–±–∫–∞ –ø—Ä–∏ –æ–±—Ä–∞–±–æ—Ç–∫–µ —Å–æ–æ–±—â–µ–Ω–∏—è: out of range [boost.json:17 at .\boost/json/impl/object.ipp:452:5 in function 'class boost::system::result<class boost::json::value const &,class boost::system::error_code> __cdecl boost::json::object::try_at(class boost::core::basic_string_view<char>) noexcept const']
2024-10-14 16:42:16 –û—à–∏–±–∫–∞ –ø—Ä–∏ –æ–±—Ä–∞–±–æ—Ç–∫–µ —Å–æ–æ–±—â–µ–Ω–∏—è: out of range [boost.json:17 at .\boost/json/impl/object.ipp:452:5 in function 'class boost::system::result<class boost::json::value const &,class boost::system::error_code> __cdecl boost::json::object::try_at(class boost::core::basic_string_view<char>) noexcept const']
2024-10-14 16:42:17 –û—à–∏–±–∫–∞ –ø—Ä–∏ –æ–±—Ä–∞–±–æ—Ç–∫–µ —Å–æ–æ–±—â–µ–Ω–∏—è: out of range [boost.json:17 at .\boost/json/impl/object.ipp:452:5 in function 'class boost::system::result<class boost::json::value const &,class boost::system::error_code> __cdecl boost::json::object::try_at(class boost::core::basic_string_view<char>) noexcept const']
2024-10-14 16:42:17 –û—à–∏–±–∫–∞ –ø—Ä–∏ –æ–±—Ä–∞–±–æ—Ç–∫–µ —Å–æ–æ–±—â–µ–Ω–∏—è: out of range [boost.json:17 at .\boost/json/impl/object.ipp:452:5 in function 'class boost::system::result<class boost::json::value const &,class boost::system::error_code> __cdecl boost::json::object::try_at(class boost::core::basic_string_view<char>) noexcept const']
2024-10-14 16:43:40 –û—à–∏–±–∫–∞ –ø—Ä–∏ —á—Ç–µ–Ω–∏–∏: ”‰‡ÎÂÌÌ˚È ıÓÒÚ ÔËÌÛ‰ËÚÂÎ¸ÌÓ ‡ÁÓ‚‡Î ÒÛ˘ÂÒÚ‚Û˛˘ÂÂ ÔÓ‰ÍÎ˛˜ÂÌËÂ(10054) –≤ —Ñ–∞–π–ª–µ C:\Users\Lyuxet\projects\booking_vr\source\websocket.cpp —Å—Ç—Ä–æ–∫–µ 48
2024-10-14 16:43:57 –û—à–∏–±–∫–∞ –ø—Ä–∏ —á—Ç–µ–Ω–∏–∏: ”‰‡ÎÂÌÌ˚È ıÓÒÚ ÔËÌÛ‰ËÚÂÎ¸ÌÓ ‡ÁÓ‚‡Î ÒÛ˘ÂÒÚ‚Û˛˘ÂÂ ÔÓ‰ÍÎ˛˜ÂÌËÂ(10054) –≤ —Ñ–∞–π–ª–µ C:\Users\Lyuxet\projects\booking_vr\source\websocket.cpp —Å—Ç—Ä–æ–∫–µ 48
2024-10-14 16:44:14 –û—à–∏–±–∫–∞ –ø—Ä–∏ –æ–±—Ä–∞–±–æ—Ç–∫–µ —Å–æ–æ–±—â–µ–Ω–∏—è: out of range [boost.json:17 at .\boost/json/impl/object.ipp:452:5 in function 'class boost::system::result<class boost::json::value const &,class boost::system::error_code> __cdecl boost::json::object::try_at(class boost::core::basic_string_view<char>) noexcept const']
2024-10-14 16:44:15 –û—à–∏–±–∫–∞ –ø—Ä–∏ –æ–±—Ä–∞–±–æ—Ç–∫–µ —Å–æ–æ–±—â–µ–Ω–∏—è: out of range [boost.json:17 at .\boost/json/impl/object.ipp:452:5 in function 'class boost::system::result<class boost::json::value const &,class boost::system::error_code> __cdecl boost::json::object::try_at(class boost::core::basic_string_view<char>) noexcept const']
2024-10-14 16:44:20 –û—à–∏–±–∫–∞ –ø—Ä–∏ –æ–±—Ä–∞–±–æ—Ç–∫–µ —Å–æ–æ–±—â–µ–Ω–∏—è: out of range [boost.json:17 at .\boost/json/impl/object.ipp:452:5 in function 'class boost::system::result<class boost::json::value const &,class boost::system::error_code> __cdecl boost::json::object::try_at(class boost::core::basic_string_view<char>) noexcept const']
2024-10-14 16:44:22 –û—à–∏–±–∫–∞ –ø—Ä–∏ –æ–±—Ä–∞–±–æ—Ç–∫–µ —Å–æ–æ–±—â–µ–Ω–∏—è: out of range [boost.json:17 at .\boost/json/impl/object.ipp:452:5 in function 'class boost::system::result<class boost::json::value const &,class boost::system::error_code> __cdecl boost::json::object::try_at(class boost::core::basic_string_view<char>) noexcept const']
2024-10-14 16:44:23 –û—à–∏–±–∫–∞ –ø—Ä–∏ –æ–±—Ä–∞–±–æ—Ç–∫–µ —Å–æ–æ–±—â–µ–Ω–∏—è: out of range [boost.json:17 at .\boost/json/impl/object.ipp:452:5 in function 'class boost::system::result<class boost::json::value const &,class boost::system::error_code> __cdecl boost::json::object::try_at(class boost::core::basic_string_view<char>) noexcept const']
2024-10-14 16:44:23 –û—à–∏–±–∫–∞ –ø—Ä–∏ –æ–±—Ä–∞–±–æ—Ç–∫–µ —Å–æ–æ–±—â–µ–Ω–∏—è: out of range [boost.json:17 at .\boost/json/impl/object.ipp:452:5 in function 'class boost::system::result<class boost::json::value const &,class boost::system::error_code> __cdecl boost::json::object::try_at(class boost::core::basic_string_view<char>) noexcept const']
2024-10-14 16:44:24 –û—à–∏–±–∫–∞ –ø—Ä–∏ –æ–±—Ä–∞–±–æ—Ç–∫–µ —Å–æ–æ–±—â–µ–Ω–∏—è: out of range [boost.json:17 at .\boost/json/impl/object.ipp:452:5 in function 'class boost::system::result<class boost::json::value const &,class boost::system::error_code> __cdecl boost::json::object::try_at(class boost::core::basic_string_view<char>) noexcept const']
2024-10-14 16:45:03 –û—à–∏–±–∫–∞ –ø—Ä–∏ –æ–±—Ä–∞–±–æ—Ç–∫–µ —Å–æ–æ–±—â–µ–Ω–∏—è: out of range [boost.json:17 at .\boost/json/impl/object.ipp:452:5 in function 'class boost::system::result<class boost::json::value const &,class boost::system::error_code> __cdecl boost::json::object::try_at(class boost::core::basic_string_view<char>) noexcept const']
2024-10-14 16:45:04 –û—à–∏–±–∫–∞ –ø—Ä–∏ –æ–±—Ä–∞–±–æ—Ç–∫–µ —Å–æ–æ–±—â–µ–Ω–∏—è: out of range [boost.json:17 at .\boost/json/impl/object.ipp:452:5 in function 'class boost::system::result<class boost::json::value const &,class boost::system::error_code> __cdecl boost::json::object::try_at(class boost::core::basic_string_view<char>) noexcept const']
2024-10-14 16:45:04 –û—à–∏–±–∫–∞ –ø—Ä–∏ –æ–±—Ä–∞–±–æ—Ç–∫–µ —Å–æ–æ–±—â–µ–Ω–∏—è: out of range [boost.json:17 at .\boost/json/impl/object.ipp:452:5 in function 'class boost::system::result<class boost::json::value const &,class boost::system::error_code> __cdecl boost::json::object::try_at(class boost::core::basic_string_view<char>) noexcept const']
2024-10-14 16:53:52 –û—à–∏–±–∫–∞ –ø—Ä–∏ –æ–±—Ä–∞–±–æ—Ç–∫–µ —Å–æ–æ–±—â–µ–Ω–∏—è: out of range [boost.json:17 at .\boost/json/impl/object.ipp:452:5 in function 'class boost::system::result<class boost::json::value const &,class boost::system::error_code> __cdecl boost::json::object::try_at(class boost::core::basic_string_view<char>) noexcept const']
2024-10-14 16:53:52 –û—à–∏–±–∫–∞ –ø—Ä–∏ –æ–±—Ä–∞–±–æ—Ç–∫–µ —Å–æ–æ–±—â–µ–Ω–∏—è: out of range [boost.json:17 at .\boost/json/impl/object.ipp:452:5 in function 'class boost::system::result<class boost::json::value const &,class boost::system::error_code> __cdecl boost::json::object::try_at(class boost::core::basic_string_view<char>) noexcept const']
2024-10-14 16:53:53 –û—à–∏–±–∫–∞ –ø—Ä–∏ –æ–±—Ä–∞–±–æ—Ç–∫–µ —Å–æ–æ–±—â–µ–Ω–∏—è: out of range [boost.json:17 at .\boost/json/impl/object.ipp:452:5 in function 'class boost::system::result<class boost::json::value const &,class boost::system::error_code> __cdecl boost::json::object::try_at(class boost::core::basic_string_view<char>) noexcept const']
2024-10-14 16:53:53 –û—à–∏–±–∫–∞ –ø—Ä–∏ –æ–±—Ä–∞–±–æ—Ç–∫–µ —Å–æ–æ–±—â–µ–Ω–∏—è: out of range [boost.json:17 at .\boost/json/impl/object.ipp:452:5 in function 'class boost::system::result<class boost::json::value const &,class boost::system::error_code> __cdecl boost::json::object::try_at(class boost::core::basic_string_view<char>) noexcept const']
2024-10-14 16:53:54 –û—à–∏–±–∫–∞ –ø—Ä–∏ –æ–±—Ä–∞–±–æ—Ç–∫–µ —Å–æ–æ–±—â–µ–Ω–∏—è: out of range [boost.json:17 at .\boost/json/impl/object.ipp:452:5 in function 'class boost::system::result<class boost::json::value const &,class boost::system::error_code> __cdecl boost::json::object::try_at(class boost::core::basic_string_view<char>) noexcept const']
2024-10-14 16:53:54 –û—à–∏–±–∫–∞ –ø—Ä–∏ –æ–±—Ä–∞–±–æ—Ç–∫–µ —Å–æ–æ–±—â–µ–Ω–∏—è: out of range [boost.json:17 at .\boost/json/impl/object.ipp:452:5 in function 'class boost::system::result<class boost::json::value const &,class boost::system::error_code> __cdecl boost::json::object::try_at(class boost::core::basic_string_view<char>) noexcept const']
2024-10-14 16:54:37 –û—à–∏–±–∫–∞ –ø—Ä–∏ –æ–±—Ä–∞–±–æ—Ç–∫–µ —Å–æ–æ–±—â–µ–Ω–∏—è: out of range [boost.json:17 at .\boost/json/impl/object.ipp:452:5 in function 'class boost::system::result<class boost::json::value const &,class boost::system::error_code> __cdecl boost::json::object::try_at(class boost::core::basic_string_view<char>) noexcept const']
2024-10-14 16:55:58 –û—à–∏–±–∫–∞ –ø—Ä–∏ –æ–±—Ä–∞–±–æ—Ç–∫–µ —Å–æ–æ–±—â–µ–Ω–∏—è: out of range [boost.json:17 at .\boost/json/impl/object.ipp:452:5 in function 'class boost::system::result<class boost::json::value const &,class boost::system::error_code> __cdecl boost::json::object::try_at(class boost::core::basic_string_view<char>) noexcept const']
2024-10-14 16:56:16 –û—à–∏–±–∫–∞ –ø—Ä–∏ –æ–±—Ä–∞–±–æ—Ç–∫–µ —Å–æ–æ–±—â–µ–Ω–∏—è: out of range [boost.json:17 at .\boost/json/impl/object.ipp:452:5 in function 'class boost::system::result<class boost::json::value const &,class boost::system::error_code> __cdecl boost::json::object::try_at(class boost::core::basic_string_view<char>) noexcept const']
2024-10-14 16:56:17 –û—à–∏–±–∫–∞ –ø—Ä–∏ –æ–±—Ä–∞–±–æ—Ç–∫–µ —Å–æ–æ–±—â–µ–Ω–∏—è: out of range [boost.json:17 at .\boost/json/impl/object.ipp:452:5 in function 'class boost::system::result<class boost::json::value const &,class boost::system::error_code> __cdecl boost::json::object::try_at(class boost::core::basic_string_view<char>) noexcept const']
2024-10-14 16:56:18 –û—à–∏–±–∫–∞ –ø—Ä–∏ –æ–±—Ä–∞–±–æ—Ç–∫–µ —Å–æ–æ–±—â–µ–Ω–∏—è: out of range [boost.json:17 at .\boost/json/impl/object.ipp:452:5 in function 'class boost::system::result<class boost::json::value const &,class boost::system::error_code> __cdecl boost::json::object::try_at(class boost::core::basic_string_view<char>) noexcept const']
2024-10-14 16:56:18 –û—à–∏–±–∫–∞ –ø—Ä–∏ –æ–±—Ä–∞–±–æ—Ç–∫–µ —Å–æ–æ–±—â–µ–Ω–∏—è: out of range [boost.json:17 at .\boost/json/impl/object.ipp:452:5 in function 'class boost::system::result<class boost::json::value const &,class boost::system::error_code> __cdecl boost::json::object::try_at(class boost::core::basic_string_view<char>) noexcept const']
2024-10-14 16:56:18 –û—à–∏–±–∫–∞ –ø—Ä–∏ –æ–±—Ä–∞–±–æ—Ç–∫–µ —Å–æ–æ–±—â–µ–Ω–∏—è: out of range [boost.json:17 at .\boost/json/impl/object.ipp:452:5 in function 'class boost::system::result<class boost::json::value const &,class boost::system::error_code> __cdecl boost::json::object::try_at(class boost::core::basic_string_view<char>) noexcept const']
2024-10-14 16:56:19 –û—à–∏–±–∫–∞ –ø—Ä–∏ –æ–±—Ä–∞–±–æ—Ç–∫–µ —Å–æ–æ–±—â–µ–Ω–∏—è: out of range [boost.json:17 at .\boost/json/impl/object.ipp:452:5 in function 'class boost::system::result<class boost::json::value const &,class boost::system::error_code> __cdecl boost::json::object::try_at(class boost::core::basic_string_view<char>) noexcept const']
2024-10-14 16:56:20 –û—à–∏–±–∫–∞ –ø—Ä–∏ –æ–±—Ä–∞–±–æ—Ç–∫–µ —Å–æ–æ–±—â–µ–Ω–∏—è: out of range [boost.json:17 at .\boost/json/impl/object.ipp:452:5 in function 'class boost::system::result<class boost::json::value const &,class boost::system::error_code> __cdecl boost::json::object::try_at(class boost::core::basic_string_view<char>) noexcept const']
2024-10-14 16:56:33 –û—à–∏–±–∫–∞ –ø—Ä–∏ –æ–±—Ä–∞–±–æ—Ç–∫–µ —Å–æ–æ–±—â–µ–Ω–∏—è: out of range [boost.json:17 at .\boost/json/impl/object.ipp:452:5 in function 'class boost::system::result<class boost::json::value const &,class boost::system::error_code> __cdecl boost::json::object::try_at(class boost::core::basic_string_view<char>) noexcept const']
2024-10-14 16:57:20 –û—à–∏–±–∫–∞ –ø—Ä–∏ –æ–±—Ä–∞–±–æ—Ç–∫–µ —Å–æ–æ–±—â–µ–Ω–∏—è: out of range [boost.json:17 at .\boost/json/impl/object.ipp:452:5 in function 'class boost::system::result<class boost::json::value const &,class boost::system::error_code> __cdecl boost::json::object::try_at(class boost::core::basic_string_view<char>) noexcept const']
2024-10-14 16:57:24 –û—à–∏–±–∫–∞ –ø—Ä–∏ –æ–±—Ä–∞–±–æ—Ç–∫–µ —Å–æ–æ–±—â–µ–Ω–∏—è: out of range [boost.json:17 at .\boost/json/impl/object.ipp:452:5 in function 'class boost::system::result<class boost::json::value const &,class boost::system::error_code> __cdecl boost::json::object::try_at(class boost::core::basic_string_view<char>) noexcept const']
2024-10-14 16:57:29 –û—à–∏–±–∫–∞ –ø—Ä–∏ –æ–±—Ä–∞–±–æ—Ç–∫–µ —Å–æ–æ–±—â–µ–Ω–∏—è: out of range [boost.json:17 at .\boost/json/impl/object.ipp:452:5 in function 'class boost::system::result<class boost::json::value const &,class boost::system::error_code> __cdecl boost::json::object::try_at(class boost::core::basic_string_view<char>) noexcept const']
2024-10-14 16:57:30 –û—à–∏–±–∫–∞ –ø—Ä–∏ –æ–±—Ä–∞–±–æ—Ç–∫–µ —Å–æ–æ–±—â–µ–Ω–∏—è: out of range [boost.json:17 at .\boost/json/impl/object.ipp:452:5 in function 'class boost::system::result<class boost::json::value const &,class boost::system::error_code> __cdecl boost::json::object::try_at(class boost::core::basic_string_view<char>) noexcept const']
2024-10-14 16:57:31 –û—à–∏–±–∫–∞ –ø—Ä–∏ –æ–±—Ä–∞–±–æ—Ç–∫–µ —Å–æ–æ–±—â–µ–Ω–∏—è: out of range [boost.json:17 at .\boost/json/impl/object.ipp:452:5 in function 'class boost::system::result<class boost::json::value const &,class boost::system::error_code> __cdecl boost::json::object::try_at(class boost::core::basic_string_view<char>) noexcept const']
2024-10-14 16:57:32 –û—à–∏–±–∫–∞ –ø—Ä–∏ –æ–±—Ä–∞–±–æ—Ç–∫–µ —Å–æ–æ–±—â–µ–Ω–∏—è: out of range [boost.json:17 at .\boost/json/impl/object.ipp:452:5 in function 'class boost::system::result<class boost::json::value const &,class boost::system::error_code> __cdecl boost::json::object::try_at(class boost::core::basic_string_view<char>) noexcept const']
2024-10-14 16:59:20 –û—à–∏–±–∫–∞ —á—Ç–µ–Ω–∏—è: end of stream(1) –≤ —Ñ–∞–π–ª–µ C:\Users\Lyuxet\projects\booking_vr\source\https_server.cpp —Å—Ç—Ä–æ–∫–µ 18
2024-10-14 16:59:28 –û—à–∏–±–∫–∞ –ø—Ä–∏ –æ–±—Ä–∞–±–æ—Ç–∫–µ —Å–æ–æ–±—â–µ–Ω–∏—è: out of range [boost.json:17 at .\boost/json/impl/object.ipp:452:5 in function 'class boost::system::result<class boost::json::value const &,class boost::system::error_code> __cdecl boost::json::object::try_at(class boost::core::basic_string_view<char>) noexcept const']
2024-10-14 16:59:57 –û—à–∏–±–∫–∞ –ø—Ä–∏ –æ–±—Ä–∞–±–æ—Ç–∫–µ —Å–æ–æ–±—â–µ–Ω–∏—è: out of range [boost.json:17 at .\boost/json/impl/object.ipp:452:5 in function 'class boost::system::result<class boost::json::value const &,class boost::system::error_code> __cdecl boost::json::object::try_at(class boost::core::basic_string_view<char>) noexcept const']
2024-10-14 17:04:37 –û—à–∏–±–∫–∞ –ø—Ä–∏ –æ–±—Ä–∞–±–æ—Ç–∫–µ —Å–æ–æ–±—â–µ–Ω–∏—è: out of range [boost.json:17 at .\boost/json/impl/object.ipp:452:5 in function 'class boost::system::result<class boost::json::value const &,class boost::system::error_code> __cdecl boost::json::object::try_at(class boost::core::basic_string_view<char>) noexcept const']
2024-10-14 17:04:41 –û—à–∏–±–∫–∞ –ø—Ä–∏ –æ–±—Ä–∞–±–æ—Ç–∫–µ —Å–æ–æ–±—â–µ–Ω–∏—è: out of range [boost.json:17 at .\boost/json/impl/object.ipp:452:5 in function 'class boost::system::result<class boost::json::value const &,class boost::system::error_code> __cdecl boost::json::object::try_at(class boost::core::basic_string_view<char>) noexcept const']
2024-10-14 17:04:41 –û—à–∏–±–∫–∞ –ø—Ä–∏ –æ–±—Ä–∞–±–æ—Ç–∫–µ —Å–æ–æ–±—â–µ–Ω–∏—è: out of range [boost.json:17 at .\boost/json/impl/object.ipp:452:5 in function 'class boost::system::result<class boost::json::value const &,class boost::system::error_code> __cdecl boost::json::object::try_at(class boost::core::basic_string_view<char>) noexcept const']
2024-10-14 17:04:42 –û—à–∏–±–∫–∞ –ø—Ä–∏ –æ–±—Ä–∞–±–æ—Ç–∫–µ —Å–æ–æ–±—â–µ–Ω–∏—è: out of range [boost.json:17 at .\boost/json/impl/object.ipp:452:5 in function 'class boost::system::result<class boost::json::value const &,class boost::system::error_code> __cdecl boost::json::object::try_at(class boost::core::basic_string_view<char>) noexcept const']
2024-10-14 17:06:53 –û—à–∏–±–∫–∞ —á—Ç–µ–Ω–∏—è: end of stream(1) –≤ —Ñ–∞–π–ª–µ C:\Users\Lyuxet\projects\booking_vr\source\https_server.cpp —Å—Ç—Ä–æ–∫–µ 18
2024-10-14 17:07:46 –û—à–∏–±–∫–∞ –ø—Ä–∏ –æ–±—Ä–∞–±–æ—Ç–∫–µ —Å–æ–æ–±—â–µ–Ω–∏—è: out of range [boost.json:17 at .\boost/json/impl/object.ipp:452:5 in function 'class boost::system::result<class boost::json::value const &,class boost::system::error_code> __cdecl boost::json::object::try_at(class boost::core::basic_string_view<char>) noexcept const']
2024-10-14 17:07:47 –û—à–∏–±–∫–∞ –ø—Ä–∏ –æ–±—Ä–∞–±–æ—Ç–∫–µ —Å–æ–æ–±—â–µ–Ω–∏—è: out of range [boost.json:17 at .\boost/json/impl/object.ipp:452:5 in function 'class boost::system::result<class boost::json::value const &,class boost::system::error_code> __cdecl boost::json::object::try_at(class boost::core::basic_string_view<char>) noexcept const']
2024-10-14 17:07:47 –û—à–∏–±–∫–∞ –ø—Ä–∏ –æ–±—Ä–∞–±–æ—Ç–∫–µ —Å–æ–æ–±—â–µ–Ω–∏—è: out of range [boost.json:17 at .\boost/json/impl/object.ipp:452:5 in function 'class boost::system::result<class boost::json::value const &,class boost::system::error_code> __cdecl boost::json::object::try_at(class boost::core::basic_string_view<char>) noexcept const']
2024-10-14 17:07:48 –û—à–∏–±–∫–∞ –ø—Ä–∏ –æ–±—Ä–∞–±–æ—Ç–∫–µ —Å–æ–æ–±—â–µ–Ω–∏—è: out of range [boost.json:17 at .\boost/json/impl/object.ipp:452:5 in function 'class boost::system::result<class boost::json::value const &,class boost::system::error_code> __cdecl boost::json::object::try_at(class boost::core::basic_string_view<char>) noexcept const']
2024-10-14 17:08:17 –û—à–∏–±–∫–∞ –ø—Ä–∏ –æ–±—Ä–∞–±–æ—Ç–∫–µ —Å–æ–æ–±—â–µ–Ω–∏—è: out of range [boost.json:17 at .\boost/json/impl/object.ipp:452:5 in function 'class boost::system::result<class boost::json::value const &,class boost::system::error_code> __cdecl boost::json::object::try_at(class boost::core::basic_string_view<char>) noexcept const']
2024-10-14 17:08:17 –û—à–∏–±–∫–∞ –ø—Ä–∏ –æ–±—Ä–∞–±–æ—Ç–∫–µ —Å–æ–æ–±—â–µ–Ω–∏—è: out of range [boost.json:17 at .\boost/json/impl/object.ipp:452:5 in function 'class boost::system::result<class boost::json::value const &,class boost::system::error_code> __cdecl boost::json::object::try_at(class boost::core::basic_string_view<char>) noexcept const']
2024-10-14 17:08:17 –û—à–∏–±–∫–∞ –ø—Ä–∏ –æ–±—Ä–∞–±–æ—Ç–∫–µ —Å–æ–æ–±—â–µ–Ω–∏—è: out of range [boost.json:17 at .\boost/json/impl/object.ipp:452:5 in function 'class boost::system::result<class boost::json::value const &,class boost::system::error_code> __cdecl boost::json::object::try_at(class boost::core::basic_string_view<char>) noexcept const']
2024-10-14 17:08:18 –û—à–∏–±–∫–∞ –ø—Ä–∏ –æ–±—Ä–∞–±–æ—Ç–∫–µ —Å–æ–æ–±—â–µ–Ω–∏—è: out of range [boost.json:17 at .\boost/json/impl/object.ipp:452:5 in function 'class boost::system::result<class boost::json::value const &,class boost::system::error_code> __cdecl boost::json::object::try_at(class boost::core::basic_string_view<char>) noexcept const']
2024-10-14 17:08:18 –û—à–∏–±–∫–∞ –ø—Ä–∏ –æ–±—Ä–∞–±–æ—Ç–∫–µ —Å–æ–æ–±—â–µ–Ω–∏—è: out of range [boost.json:17 at .\boost/json/impl/object.ipp:452:5 in function 'class boost::system::result<class boost::json::value const &,class boost::system::error_code> __cdecl boost::json::object::try_at(class boost::core::basic_string_view<char>) noexcept const']
2024-10-14 17:08:18 –û—à–∏–±–∫–∞ –ø—Ä–∏ –æ–±—Ä–∞–±–æ—Ç–∫–µ —Å–æ–æ–±—â–µ–Ω–∏—è: out of range [boost.json:17 at .\boost/json/impl/object.ipp:452:5 in function 'class boost::system::result<class boost::json::value const &,class boost::system::error_code> __cdecl boost::json::object::try_at(class boost::core::basic_string_view<char>) noexcept const']
2024-10-14 17:08:18 –û—à–∏–±–∫–∞ –ø—Ä–∏ –æ–±—Ä–∞–±–æ—Ç–∫–µ —Å–æ–æ–±—â–µ–Ω–∏—è: out of range [boost.json:17 at .\boost/json/impl/object.ipp:452:5 in function 'class boost::system::result<class boost::json::value const &,class boost::system::error_code> __cdecl boost::json::object::try_at(class boost::core::basic_string_view<char>) noexcept const']
2024-10-14 17:08:18 –û—à–∏–±–∫–∞ –ø—Ä–∏ –æ–±—Ä–∞–±–æ—Ç–∫–µ —Å–æ–æ–±—â–µ–Ω–∏—è: out of range [boost.json:17 at .\boost/json/impl/object.ipp:452:5 in function 'class boost::system::result<class boost::json::value const &,class boost::system::error_code> __cdecl boost::json::object::try_at(class boost::core::basic_string_view<char>) noexcept const']
2024-10-14 17:08:19 –û—à–∏–±–∫–∞ –ø—Ä–∏ –æ–±—Ä–∞–±–æ—Ç–∫–µ —Å–æ–æ–±—â–µ–Ω–∏—è: out of range [boost.json:17 at .\boost/json/impl/object.ipp:452:5 in function 'class boost::system::result<class boost::json::value const &,class boost::system::error_code> __cdecl boost::json::object::try_at(class boost::core::basic_string_view<char>) noexcept const']
2024-10-14 17:08:19 –û—à–∏–±–∫–∞ –ø—Ä–∏ –æ–±—Ä–∞–±–æ—Ç–∫–µ —Å–æ–æ–±—â–µ–Ω–∏—è: out of range [boost.json:17 at .\boost/json/impl/object.ipp:452:5 in function 'class boost::system::result<class boost::json::value const &,class boost::system::error_code> __cdecl boost::json::object::try_at(class boost::core::basic_string_view<char>) noexcept const']
2024-10-14 17:08:19 –û—à–∏–±–∫–∞ –ø—Ä–∏ –æ–±—Ä–∞–±–æ—Ç–∫–µ —Å–æ–æ–±—â–µ–Ω–∏—è: out of range [boost.json:17 at .\boost/json/impl/object.ipp:452:5 in function 'class boost::system::result<class boost::json::value const &,class boost::system::error_code> __cdecl boost::json::object::try_at(class boost::core::basic_string_view<char>) noexcept const']
2024-10-14 17:08:19 –û—à–∏–±–∫–∞ –ø—Ä–∏ –æ–±—Ä–∞–±–æ—Ç–∫–µ —Å–æ–æ–±—â–µ–Ω–∏—è: out of range [boost.json:17 at .\boost/json/impl/object.ipp:452:5 in function 'class boost::system::result<class boost::json::value const &,class boost::system::error_code> __cdecl boost::json::object::try_at(class boost::core::basic_string_view<char>) noexcept const']
2024-10-14 17:08:19 –û—à–∏–±–∫–∞ –ø—Ä–∏ –æ–±—Ä–∞–±–æ—Ç–∫–µ —Å–æ–æ–±—â–µ–Ω–∏—è: out of range [boost.json:17 at .\boost/json/impl/object.ipp:452:5 in function 'class boost::system::result<class boost::json::value const &,class boost::system::error_code> __cdecl boost::json::object::try_at(class boost::core::basic_string_view<char>) noexcept const']
2024-10-14 17:08:20 –û—à–∏–±–∫–∞ –ø—Ä–∏ –æ–±—Ä–∞–±–æ—Ç–∫–µ —Å–æ–æ–±—â–µ–Ω–∏—è: out of range [boost.json:17 at .\boost/json/impl/object.ipp:452:5 in function 'class boost::system::result<class boost::json::value const &,class boost::system::error_code> __cdecl boost::json::object::try_at(class boost::core::basic_string_view<char>) noexcept const']
2024-10-14 17:08:20 –û—à–∏–±–∫–∞ –ø—Ä–∏ –æ–±—Ä–∞–±–æ—Ç–∫–µ —Å–æ–æ–±—â–µ–Ω–∏—è: out of range [boost.json:17 at .\boost/json/impl/object.ipp:452:5 in function 'class boost::system::result<class boost::json::value const &,class boost::system::error_code> __cdecl boost::json::object::try_at(class boost::core::basic_string_view<char>) noexcept const']
2024-10-14 17:09:46 –û—à–∏–±–∫–∞ –ø—Ä–∏ –æ–±—Ä–∞–±–æ—Ç–∫–µ —Å–æ–æ–±—â–µ–Ω–∏—è: out of range [boost.json:17 at .\boost/json/impl/object.ipp:452:5 in function 'class boost::system::result<class boost::json::value const &,class boost::system::error_code> __cdecl boost::json::object::try_at(class boost::core::basic_string_view<char>) noexcept const']
2024-10-14 17:12:00 –û—à–∏–±–∫–∞ –ø—Ä–∏ –æ–±—Ä–∞–±–æ—Ç–∫–µ —Å–æ–æ–±—â–µ–Ω–∏—è: out of range [boost.json:17 at .\boost/json/impl/object.ipp:452:5 in function 'class boost::system::result<class boost::json::value const &,class boost::system::error_code> __cdecl boost::json::object::try_at(class boost::core::basic_string_view<char>) noexcept const']
2024-10-14 17:12:00 –û—à–∏–±–∫–∞ –ø—Ä–∏ –æ–±—Ä–∞–±–æ—Ç–∫–µ —Å–æ–æ–±—â–µ–Ω–∏—è: out of range [boost.json:17 at .\boost/json/impl/object.ipp:452:5 in function 'class boost::system::result<class boost::json::value const &,class boost::system::error_code> __cdecl boost::json::object::try_at(class boost::core::basic_string_view<char>) noexcept const']
2024-10-14 17:12:01 –û—à–∏–±–∫–∞ –ø—Ä–∏ –æ–±—Ä–∞–±–æ—Ç–∫–µ —Å–æ–æ–±—â–µ–Ω–∏—è: out of range [boost.json:17 at .\boost/json/impl/object.ipp:452:5 in function 'class boost::system::result<class boost::json::value const &,class boost::system::error_code> __cdecl boost::json::object::try_at(class boost::core::basic_string_view<char>) noexcept const']
2024-10-14 17:12:01 –û—à–∏–±–∫–∞ –ø—Ä–∏ –æ–±—Ä–∞–±–æ—Ç–∫–µ —Å–æ–æ–±—â–µ–Ω–∏—è: out of range [boost.json:17 at .\boost/json/impl/object.ipp:452:5 in function 'class boost::system::result<class boost::json::value const &,class boost::system::error_code> __cdecl boost::json::object::try_at(class boost::core::basic_string_view<char>) noexcept const']
2024-10-14 17:12:01 –û—à–∏–±–∫–∞ –ø—Ä–∏ –æ–±—Ä–∞–±–æ—Ç–∫–µ —Å–æ–æ–±—â–µ–Ω–∏—è: out of range [boost.json:17 at .\boost/json/impl/object.ipp:452:5 in function 'class boost::system::result<class boost::json::value const &,class boost::system::error_code> __cdecl boost::json::object::try_at(class boost::core::basic_string_view<char>) noexcept const']
2024-10-14 17:12:02 –û—à–∏–±–∫–∞ –ø—Ä–∏ –æ–±—Ä–∞–±–æ—Ç–∫–µ —Å–æ–æ–±—â–µ–Ω–∏—è: out of range [boost.json:17 at .\boost/json/impl/object.ipp:452:5 in function 'class boost::system::result<class boost::json::value const &,class boost::system::error_code> __cdecl boost::json::object::try_at(class boost::core::basic_string_view<char>) noexcept const']
2024-10-14 17:12:02 –û—à–∏–±–∫–∞ –ø—Ä–∏ –æ–±—Ä–∞–±–æ—Ç–∫–µ —Å–æ–æ–±—â–µ–Ω–∏—è: out of range [boost.json:17 at .\boost/json/impl/object.ipp:452:5 in function 'class boost::system::result<class boost::json::value const &,class boost::system::error_code> __cdecl boost::json::object::try_at(class boost::core::basic_string_view<char>) noexcept const']
2024-10-14 17:12:02 –û—à–∏–±–∫–∞ –ø—Ä–∏ –æ–±—Ä–∞–±–æ—Ç–∫–µ —Å–æ–æ–±—â–µ–Ω–∏—è: out of range [boost.json:17 at .\boost/json/impl/object.ipp:452:5 in function 'class boost::system::result<class boost::json::value const &,class boost::system::error_code> __cdecl boost::json::object::try_at(class boost::core::basic_string_view<char>) noexcept const']
2024-10-14 17:12:02 –û—à–∏–±–∫–∞ –ø—Ä–∏ –æ–±—Ä–∞–±–æ—Ç–∫–µ —Å–æ–æ–±—â–µ–Ω–∏—è: out of range [boost.json:17 at .\boost/json/impl/object.ipp:452:5 in function 'class boost::system::result<class boost::json::value const &,class boost::system::error_code> __cdecl boost::json::object::try_at(class boost::core::basic_string_view<char>) noexcept const']
2024-10-14 17:12:02 –û—à–∏–±–∫–∞ –ø—Ä–∏ –æ–±—Ä–∞–±–æ—Ç–∫–µ —Å–æ–æ–±—â–µ–Ω–∏—è: out of range [boost.json:17 at .\boost/json/impl/object.ipp:452:5 in function 'class boost::system::result<class boost::json::value const &,class boost::system::error_code> __cdecl boost::json::object::try_at(class boost::core::basic_string_view<char>) noexcept const']
2024-10-14 17:12:03 –û—à–∏–±–∫–∞ –ø—Ä–∏ –æ–±—Ä–∞–±–æ—Ç–∫–µ —Å–æ–æ–±—â–µ–Ω–∏—è: out of range [boost.json:17 at .\boost/json/impl/object.ipp:452:5 in function 'class boost::system::result<class boost::json::value const &,class boost::system::error_code> __cdecl boost::json::object::try_at(class boost::core::basic_string_view<char>) noexcept const']
2024-10-14 17:12:03 –û—à–∏–±–∫–∞ –ø—Ä–∏ –æ–±—Ä–∞–±–æ—Ç–∫–µ —Å–æ–æ–±—â–µ–Ω–∏—è: out of range [boost.json:17 at .\boost/json/impl/object.ipp:452:5 in function 'class boost::system::result<class boost::json::value const &,class boost::system::error_code> __cdecl boost::json::object::try_at(class boost::core::basic_string_view<char>) noexcept const']
2024-10-14 17:12:03 –û—à–∏–±–∫–∞ –ø—Ä–∏ –æ–±—Ä–∞–±–æ—Ç–∫–µ —Å–æ–æ–±—â–µ–Ω–∏—è: out of range [boost.json:17 at .\boost/json/impl/object.ipp:452:5 in function 'class boost::system::result<class boost::json::value const &,class boost::system::error_code> __cdecl boost::json::object::try_at(class boost::core::basic_string_view<char>) noexcept const']
2024-10-14 17:12:03 –û—à–∏–±–∫–∞ –ø—Ä–∏ –æ–±—Ä–∞–±–æ—Ç–∫–µ —Å–æ–æ–±—â–µ–Ω–∏—è: out of range [boost.json:17 at .\boost/json/impl/object.ipp:452:5 in function 'class boost::system::result<class boost::json::value const &,class boost::system::error_code> __cdecl boost::json::object::try_at(class boost::core::basic_string_view<char>) noexcept const']
2024-10-14 17:12:03 –û—à–∏–±–∫–∞ –ø—Ä–∏ –æ–±—Ä–∞–±–æ—Ç–∫–µ —Å–æ–æ–±—â–µ–Ω–∏—è: out of range [boost.json:17 at .\boost/json/impl/object.ipp:452:5 in function 'class boost::system::result<class boost::json::value const &,class boost::system::error_code> __cdecl boost::json::object::try_at(class boost::core::basic_string_view<char>) noexcept const']
2024-10-14 17:12:03 –û—à–∏–±–∫–∞ –ø—Ä–∏ –æ–±—Ä–∞–±–æ—Ç–∫–µ —Å–æ–æ–±—â–µ–Ω–∏—è: out of range [boost.json:17 at .\boost/json/impl/object.ipp:452:5 in function 'class boost::system::result<class boost::json::value const &,class boost::system::error_code> __cdecl boost::json::object::try_at(class boost::core::basic_string_view<char>) noexcept const']
2024-10-14 17:12:03 –û—à–∏–±–∫–∞ –ø—Ä–∏ –æ–±—Ä–∞–±–æ—Ç–∫–µ —Å–æ–æ–±—â–µ–Ω–∏—è: out of range [boost.json:17 at .\boost/json/impl/object.ipp:452:5 in function 'class boost::system::result<class boost::json::value const &,class boost::system::error_code> __cdecl boost::json::object::try_at(class boost::core::basic_string_view<char>) noexcept const']
2024-10-14 17:12:04 –û—à–∏–±–∫–∞ –ø—Ä–∏ –æ–±—Ä–∞–±–æ—Ç–∫–µ —Å–æ–æ–±—â–µ–Ω–∏—è: out of range [boost.json:17 at .\boost/json/impl/object.ipp:452:5 in function 'class boost::system::result<class boost::json::value const &,class boost::system::error_code> __cdecl boost::json::object::try_at(class boost::core::basic_string_view<char>) noexcept const']
2024-10-14 17:12:04 –û—à–∏–±–∫–∞ –ø—Ä–∏ –æ–±—Ä–∞–±–æ—Ç–∫–µ —Å–æ–æ–±—â–µ–Ω–∏—è: out of range [boost.json:17 at .\boost/json/impl/object.ipp:452:5 in function 'class boost::system::result<class boost::json::value const &,class boost::system::error_code> __cdecl boost::json::object::try_at(class boost::core::basic_string_view<char>) noexcept const']
2024-10-14 17:12:04 –û—à–∏–±–∫–∞ –ø—Ä–∏ –æ–±—Ä–∞–±–æ—Ç–∫–µ —Å–æ–æ–±—â–µ–Ω–∏—è: out of range [boost.json:17 at .\boost/json/impl/object.ipp:452:5 in function 'class boost::system::result<class boost::json::value const &,class boost::system::error_code> __cdecl boost::json::object::try_at(class boost::core::basic_string_view<char>) noexcept const']
2024-10-14 17:12:04 –û—à–∏–±–∫–∞ –ø—Ä–∏ –æ–±—Ä–∞–±–æ—Ç–∫–µ —Å–æ–æ–±—â–µ–Ω–∏—è: out of range [boost.json:17 at .\boost/json/impl/object.ipp:452:5 in function 'class boost::system::result<class boost::json::value const &,class boost::system::error_code> __cdecl boost::json::object::try_at(class boost::core::basic_string_view<char>) noexcept const']
2024-10-14 17:12:04 –û—à–∏–±–∫–∞ –ø—Ä–∏ –æ–±—Ä–∞–±–æ—Ç–∫–µ —Å–æ–æ–±—â–µ–Ω–∏—è: out of range [boost.json:17 at .\boost/json/impl/object.ipp:452:5 in function 'class boost::system::result<class boost::json::value const &,class boost::system::error_code> __cdecl boost::json::object::try_at(class boost::core::basic_string_view<char>) noexcept const']
2024-10-14 17:12:05 –û—à–∏–±–∫–∞ –ø—Ä–∏ –æ–±—Ä–∞–±–æ—Ç–∫–µ —Å–æ–æ–±—â–µ–Ω–∏—è: out of range [boost.json:17 at .\boost/json/impl/object.ipp:452:5 in function 'class boost::system::result<class boost::json::value const &,class boost::system::error_code> __cdecl boost::json::object::try_at(class boost::core::basic_string_view<char>) noexcept const']
2024-10-14 17:12:06 –û—à–∏–±–∫–∞ –ø—Ä–∏ –æ–±—Ä–∞–±–æ—Ç–∫–µ —Å–æ–æ–±—â–µ–Ω–∏—è: out of range [boost.json:17 at .\boost/json/impl/object.ipp:452:5 in function 'class boost::system::result<class boost::json::value const &,class boost::system::error_code> __cdecl boost::json::object::try_at(class boost::core::basic_string_view<char>) noexcept const']
2024-10-14 17:14:10 –û—à–∏–±–∫–∞ —á—Ç–µ–Ω–∏—è: end of stream(1) –≤ —Ñ–∞–π–ª–µ C:\Users\Lyuxet\projects\booking_vr\source\https_server.cpp —Å—Ç—Ä–æ–∫–µ 18
2024-10-14 17:15:37 –û—à–∏–±–∫–∞ –ø—Ä–∏ –æ–±—Ä–∞–±–æ—Ç–∫–µ —Å–æ–æ–±—â–µ–Ω–∏—è: out of range [boost.json:17 at .\boost/json/impl/object.ipp:452:5 in function 'class boost::system::result<class boost::json::value const &,class boost::system::error_code> __cdecl boost::json::object::try_at(class boost::core::basic_string_view<char>) noexcept const']
2024-10-14 17:15:39 –û—à–∏–±–∫–∞ –ø—Ä–∏ –æ–±—Ä–∞–±–æ—Ç–∫–µ —Å–æ–æ–±—â–µ–Ω–∏—è: out of range [boost.json:17 at .\boost/json/impl/object.ipp:452:5 in function 'class boost::system::result<class boost::json::value const &,class boost::system::error_code> __cdecl boost::json::object::try_at(class boost::core::basic_string_view<char>) noexcept const']
2024-10-14 17:15:39 –û—à–∏–±–∫–∞ –ø—Ä–∏ –æ–±—Ä–∞–±–æ—Ç–∫–µ —Å–æ–æ–±—â–µ–Ω–∏—è: out of range [boost.json:17 at .\boost/json/impl/object.ipp:452:5 in function 'class boost::system::result<class boost::json::value const &,class boost::system::error_code> __cdecl boost::json::object::try_at(class boost::core::basic_string_view<char>) noexcept const']
2024-10-14 17:15:41 –û—à–∏–±–∫–∞ –ø—Ä–∏ –æ–±—Ä–∞–±–æ—Ç–∫–µ —Å–æ–æ–±—â–µ–Ω–∏—è: out of range [boost.json:17 at .\boost/json/impl/object.ipp:452:5 in function 'class boost::system::result<class boost::json::value const &,class boost::system::error_code> __cdecl boost::json::object::try_at(class boost::core::basic_string_view<char>) noexcept const']
2024-10-14 17:15:57 –û—à–∏–±–∫–∞ –ø—Ä–∏ –æ–±—Ä–∞–±–æ—Ç–∫–µ —Å–æ–æ–±—â–µ–Ω–∏—è: out of range [boost.json:17 at .\boost/json/impl/object.ipp:452:5 in function 'class boost::system::result<class boost::json::value const &,class boost::system::error_code> __cdecl boost::json::object::try_at(class boost::core::basic_string_view<char>) noexcept const']
2024-10-14 17:15:58 –û—à–∏–±–∫–∞ –ø—Ä–∏ –æ–±—Ä–∞–±–æ—Ç–∫–µ —Å–æ–æ–±—â–µ–Ω–∏—è: out of range [boost.json:17 at .\boost/json/impl/object.ipp:452:5 in function 'class boost::system::result<class boost::json::value const &,class boost::system::error_code> __cdecl boost::json::object::try_at(class boost::core::basic_string_view<char>) noexcept const']
2024-10-14 17:16:38 –û—à–∏–±–∫–∞ –ø—Ä–∏ –æ–±—Ä–∞–±–æ—Ç–∫–µ —Å–æ–æ–±—â–µ–Ω–∏—è: out of range [boost.json:17 at .\boost/json/impl/object.ipp:452:5 in function 'class boost::system::result<class boost::json::value const &,class boost::system::error_code> __cdecl boost::json::object::try_at(class boost::core::basic_string_view<char>) noexcept const']
2024-10-14 17:16:39 –û—à–∏–±–∫–∞ –ø—Ä–∏ –æ–±—Ä–∞–±–æ—Ç–∫–µ —Å–æ–æ–±—â–µ–Ω–∏—è: out of range [boost.json:17 at .\boost/json/impl/object.ipp:452:5 in function 'class boost::system::result<class boost::json::value const &,class boost::system::error_code> __cdecl boost::json::object::try_at(class boost::core::basic_string_view<char>) noexcept const']
2024-10-14 17:16:40 –û—à–∏–±–∫–∞ –ø—Ä–∏ –æ–±—Ä–∞–±–æ—Ç–∫–µ —Å–æ–æ–±—â–µ–Ω–∏—è: out of range [boost.json:17 at .\boost/json/impl/object.ipp:452:5 in function 'class boost::system::result<class boost::json::value const &,class boost::system::error_code> __cdecl boost::json::object::try_at(class boost::core::basic_string_view<char>) noexcept const']
2024-10-14 17:16:40 –û—à–∏–±–∫–∞ –ø—Ä–∏ –æ–±—Ä–∞–±–æ—Ç–∫–µ —Å–æ–æ–±—â–µ–Ω–∏—è: out of range [boost.json:17 at .\boost/json/impl/object.ipp:452:5 in function 'class boost::system::result<class boost::json::value const &,class boost::system::error_code> __cdecl boost::json::object::try_at(class boost::core::basic_string_view<char>) noexcept const']
2024-10-14 17:16:41 –û—à–∏–±–∫–∞ –ø—Ä–∏ –æ–±—Ä–∞–±–æ—Ç–∫–µ —Å–æ–æ–±—â–µ–Ω–∏—è: out of range [boost.json:17 at .\boost/json/impl/object.ipp:452:5 in function 'class boost::system::result<class boost::json::value const &,class boost::system::error_code> __cdecl boost::json::object::try_at(class boost::core::basic_string_view<char>) noexcept const']
2024-10-14 17:16:42 –û—à–∏–±–∫–∞ –ø—Ä–∏ –æ–±—Ä–∞–±–æ—Ç–∫–µ —Å–æ–æ–±—â–µ–Ω–∏—è: out of range [boost.json:17 at .\boost/json/impl/object.ipp:452:5 in function 'class boost::system::result<class boost::json::value const &,class boost::system::error_code> __cdecl boost::json::object::try_at(class boost::core::basic_string_view<char>) noexcept const']
2024-10-14 17:16:44 –û—à–∏–±–∫–∞ –ø—Ä–∏ –æ–±—Ä–∞–±–æ—Ç–∫–µ —Å–æ–æ–±—â–µ–Ω–∏—è: out of range [boost.json:17 at .\boost/json/impl/object.ipp:452:5 in function 'class boost::system::result<class boost::json::value const &,class boost::system::error_code> __cdecl boost::json::object::try_at(class boost::core::basic_string_view<char>) noexcept const']
2024-10-14 17:16:45 –û—à–∏–±–∫–∞ –ø—Ä–∏ –æ–±—Ä–∞–±–æ—Ç–∫–µ —Å–æ–æ–±—â–µ–Ω–∏—è: out of range [boost.json:17 at .\boost/json/impl/object.ipp:452:5 in function 'class boost::system::result<class boost::json::value const &,class boost::system::error_code> __cdecl boost::json::object::try_at(class boost::core::basic_string_view<char>) noexcept const']
2024-10-14 17:16:46 –û—à–∏–±–∫–∞ –ø—Ä–∏ –æ–±—Ä–∞–±–æ—Ç–∫–µ —Å–æ–æ–±—â–µ–Ω–∏—è: out of range [boost.json:17 at .\boost/json/impl/object.ipp:452:5 in function 'class boost::system::result<class boost::json::value const &,class boost::system::error_code> __cdecl boost::json::object::try_at(class boost::core::basic_string_view<char>) noexcept const']
2024-10-14 17:16:46 –û—à–∏–±–∫–∞ –ø—Ä–∏ –æ–±—Ä–∞–±–æ—Ç–∫–µ —Å–æ–æ–±—â–µ–Ω–∏—è: out of range [boost.json:17 at .\boost/json/impl/object.ipp:452:5 in function 'class boost::system::result<class boost::json::value const &,class boost::system::error_code> __cdecl boost::json::object::try_at(class boost::core::basic_string_view<char>) noexcept const']
2024-10-14 17:16:47 –û—à–∏–±–∫–∞ –ø—Ä–∏ –æ–±—Ä–∞–±–æ—Ç–∫–µ —Å–æ–æ–±—â–µ–Ω–∏—è: out of range [boost.json:17 at .\boost/json/impl/object.ipp:452:5 in function 'class boost::system::result<class boost::json::value const &,class boost::system::error_code> __cdecl boost::json::object::try_at(class boost::core::basic_string_view<char>) noexcept const']
2024-10-14 17:16:47 –û—à–∏–±–∫–∞ –ø—Ä–∏ –æ–±—Ä–∞–±–æ—Ç–∫–µ —Å–æ–æ–±—â–µ–Ω–∏—è: out of range [boost.json:17 at .\boost/json/impl/object.ipp:452:5 in function 'class boost::system::result<class boost::json::value const &,class boost::system::error_code> __cdecl boost::json::object::try_at(class boost::core::basic_string_view<char>) noexcept const']
2024-10-14 17:16:47 –û—à–∏–±–∫–∞ –ø—Ä–∏ –æ–±—Ä–∞–±–æ—Ç–∫–µ —Å–æ–æ–±—â–µ–Ω–∏—è: out of range [boost.json:17 at .\boost/json/impl/object.ipp:452:5 in function 'class boost::system::result<class boost::json::value const &,class boost::system::error_code> __cdecl boost::json::object::try_at(class boost::core::basic_string_view<char>) noexcept const']
2024-10-14 17:16:47 –û—à–∏–±–∫–∞ –ø—Ä–∏ –æ–±—Ä–∞–±–æ—Ç–∫–µ —Å–æ–æ–±—â–µ–Ω–∏—è: out of range [boost.json:17 at .\boost/json/impl/object.ipp:452:5 in function 'class boost::system::result<class boost::json::value const &,class boost::system::error_code> __cdecl boost::json::object::try_at(class boost::core::basic_string_view<char>) noexcept const']
2024-10-14 17:16:47 –û—à–∏–±–∫–∞ –ø—Ä–∏ –æ–±—Ä–∞–±–æ—Ç–∫–µ —Å–æ–æ–±—â–µ–Ω–∏—è: out of range [boost.json:17 at .\boost/json/impl/object.ipp:452:5 in function 'class boost::system::result<class boost::json::value const &,class boost::system::error_code> __cdecl boost::json::object::try_at(class boost::core::basic_string_view<char>) noexcept const']
2024-10-14 17:16:48 –û—à–∏–±–∫–∞ –ø—Ä–∏ –æ–±—Ä–∞–±–æ—Ç–∫–µ —Å–æ–æ–±—â–µ–Ω–∏—è: out of range [boost.json:17 at .\boost/json/impl/object.ipp:452:5 in function 'class boost::system::result<class boost::json::value const &,class boost::system::error_code> __cdecl boost::json::object::try_at(class boost::core::basic_string_view<char>) noexcept const']
2024-10-14 17:16:48 –û—à–∏–±–∫–∞ –ø—Ä–∏ –æ–±—Ä–∞–±–æ—Ç–∫–µ —Å–æ–æ–±—â–µ–Ω–∏—è: out of range [boost.json:17 at .\boost/json/impl/object.ipp:452:5 in function 'class boost::system::result<class boost::json::value const &,class boost::system::error_code> __cdecl boost::json::object::try_at(class boost::core::basic_string_view<char>) noexcept const']
2024-10-14 17:16:48 –û—à–∏–±–∫–∞ –ø—Ä–∏ –æ–±—Ä–∞–±–æ—Ç–∫–µ —Å–æ–æ–±—â–µ–Ω–∏—è: out of range [boost.json:17 at .\boost/json/impl/object.ipp:452:5 in function 'class boost::system::result<class boost::json::value const &,class boost::system::error_code> __cdecl boost::json::object::try_at(class boost::core::basic_string_view<char>) noexcept const']
2024-10-14 17:16:49 –û—à–∏–±–∫–∞ –ø—Ä–∏ –æ–±—Ä–∞–±–æ—Ç–∫–µ —Å–æ–æ–±—â–µ–Ω–∏—è: out of range [boost.json:17 at .\boost/json/impl/object.ipp:452:5 in function 'class boost::system::result<class boost::json::value const &,class boost::system::error_code> __cdecl boost::json::object::try_at(class boost::core::basic_string_view<char>) noexcept const']
2024-10-14 17:16:49 –û—à–∏–±–∫–∞ –ø—Ä–∏ –æ–±—Ä–∞–±–æ—Ç–∫–µ —Å–æ–æ–±—â–µ–Ω–∏—è: out of range [boost.json:17 at .\boost/json/impl/object.ipp:452:5 in function 'class boost::system::result<class boost::json::value const &,class boost::system::error_code> __cdecl boost::json::object::try_at(class boost::core::basic_string_view<char>) noexcept const']
2024-10-14 17:16:51 –û—à–∏–±–∫–∞ –ø—Ä–∏ –æ–±—Ä–∞–±–æ—Ç–∫–µ —Å–æ–æ–±—â–µ–Ω–∏—è: out of range [boost.json:17 at .\boost/json/impl/object.ipp:452:5 in function 'class boost::system::result<class boost::json::value const &,class boost::system::error_code> __cdecl boost::json::object::try_at(class boost::core::basic_string_view<char>) noexcept const']
2024-10-14 17:16:51 –û—à–∏–±–∫–∞ –ø—Ä–∏ –æ–±—Ä–∞–±–æ—Ç–∫–µ —Å–æ–æ–±—â–µ–Ω–∏—è: out of range [boost.json:17 at .\boost/json/impl/object.ipp:452:5 in function 'class boost::system::result<class boost::json::value const &,class boost::system::error_code> __cdecl boost::json::object::try_at(class boost::core::basic_string_view<char>) noexcept const']
2024-10-14 17:17:06 –û—à–∏–±–∫–∞ —á—Ç–µ–Ω–∏—è: end of stream(1) –≤ —Ñ–∞–π–ª–µ C:\Users\Lyuxet\projects\booking_vr\source\https_server.cpp —Å—Ç—Ä–æ–∫–µ 18
2024-10-14 17:23:37 –û—à–∏–±–∫–∞ —á—Ç–µ–Ω–∏—è: end of stream(1) –≤ —Ñ–∞–π–ª–µ C:\Users\Lyuxet\projects\booking_vr\source\https_server.cpp —Å—Ç—Ä–æ–∫–µ 18
2024-10-14 17:36:06 –û—à–∏–±–∫–∞ –ø—Ä–∏ –æ–±—Ä–∞–±–æ—Ç–∫–µ —Å–æ–æ–±—â–µ–Ω–∏—è: out of range [boost.json:17 at .\boost/json/impl/object.ipp:452:5 in function 'class boost::system::result<class boost::json::value const &,class boost::system::error_code> __cdecl boost::json::object::try_at(class boost::core::basic_string_view<char>) noexcept const']
2024-10-14 17:36:06 –û—à–∏–±–∫–∞ –ø—Ä–∏ –æ–±—Ä–∞–±–æ—Ç–∫–µ —Å–æ–æ–±—â–µ–Ω–∏—è: out of range [boost.json:17 at .\boost/json/impl/object.ipp:452:5 in function 'class boost::system::result<class boost::json::value const &,class boost::system::error_code> __cdecl boost::json::object::try_at(class boost::core::basic_string_view<char>) noexcept const']
2024-10-14 17:36:07 –û—à–∏–±–∫–∞ –ø—Ä–∏ –æ–±—Ä–∞–±–æ—Ç–∫–µ —Å–æ–æ–±—â–µ–Ω–∏—è: out of range [boost.json:17 at .\boost/json/impl/object.ipp:452:5 in function 'class boost::system::result<class boost::json::value const &,class boost::system::error_code> __cdecl boost::json::object::try_at(class boost::core::basic_string_view<char>) noexcept const']
2024-10-14 17:36:07 –û—à–∏–±–∫–∞ –ø—Ä–∏ –æ–±—Ä–∞–±–æ—Ç–∫–µ —Å–æ–æ–±—â–µ–Ω–∏—è: out of range [boost.json:17 at .\boost/json/impl/object.ipp:452:5 in function 'class boost::system::result<class boost::json::value const &,class boost::system::error_code> __cdecl boost::json::object::try_at(class boost::core::basic_string_view<char>) noexcept const']
2024-10-14 17:36:07 –û—à–∏–±–∫–∞ –ø—Ä–∏ –æ–±—Ä–∞–±–æ—Ç–∫–µ —Å–æ–æ–±—â–µ–Ω–∏—è: out of range [boost.json:17 at .\boost/json/impl/object.ipp:452:5 in function 'class boost::system::result<class boost::json::value const &,class boost::system::error_code> __cdecl boost::json::object::try_at(class boost::core::basic_string_view<char>) noexcept const']
2024-10-14 17:36:08 –û—à–∏–±–∫–∞ –ø—Ä–∏ –æ–±—Ä–∞–±–æ—Ç–∫–µ —Å–æ–æ–±—â–µ–Ω–∏—è: out of range [boost.json:17 at .\boost/json/impl/object.ipp:452:5 in function 'class boost::system::result<class boost::json::value const &,class boost::system::error_code> __cdecl boost::json::object::try_at(class boost::core::basic_string_view<char>) noexcept const']
2024-10-14 17:37:06 –û—à–∏–±–∫–∞ —á—Ç–µ–Ω–∏—è: end of stream(1) –≤ —Ñ–∞–π–ª–µ C:\Users\Lyuxet\projects\booking_vr\source\https_server.cpp —Å—Ç—Ä–æ–∫–µ 18
2024-10-14 17:39:04 –û—à–∏–±–∫–∞ –ø—Ä–∏ –æ–±—Ä–∞–±–æ—Ç–∫–µ —Å–æ–æ–±—â–µ–Ω–∏—è: out of range [boost.json:17 at .\boost/json/impl/object.ipp:452:5 in function 'class boost::system::result<class boost::json::value const &,class boost::system::error_code> __cdecl boost::json::object::try_at(class boost::core::basic_string_view<char>) noexcept const']
2024-10-14 17:39:05 –û—à–∏–±–∫–∞ –ø—Ä–∏ –æ–±—Ä–∞–±–æ—Ç–∫–µ —Å–æ–æ–±—â–µ–Ω–∏—è: out of range [boost.json:17 at .\boost/json/impl/object.ipp:452:5 in function 'class boost::system::result<class boost::json::value const &,class boost::system::error_code> __cdecl boost::json::object::try_at(class boost::core::basic_string_view<char>) noexcept const']
2024-10-14 17:39:05 –û—à–∏–±–∫–∞ –ø—Ä–∏ –æ–±—Ä–∞–±–æ—Ç–∫–µ —Å–æ–æ–±—â–µ–Ω–∏—è: out of range [boost.json:17 at .\boost/json/impl/object.ipp:452:5 in function 'class boost::system::result<class boost::json::value const &,class boost::system::error_code> __cdecl boost::json::object::try_at(class boost::core::basic_string_view<char>) noexcept const']
2024-10-14 17:39:05 –û—à–∏–±–∫–∞ –ø—Ä–∏ –æ–±—Ä–∞–±–æ—Ç–∫–µ —Å–æ–æ–±—â–µ–Ω–∏—è: out of range [boost.json:17 at .\boost/json/impl/object.ipp:452:5 in function 'class boost::system::result<class boost::json::value const &,class boost::system::error_code> __cdecl boost::json::object::try_at(class boost::core::basic_string_view<char>) noexcept const']
2024-10-14 17:39:06 –û—à–∏–±–∫–∞ –ø—Ä–∏ –æ–±—Ä–∞–±–æ—Ç–∫–µ —Å–æ–æ–±—â–µ–Ω–∏—è: out of range [boost.json:17 at .\boost/json/impl/object.ipp:452:5 in function 'class boost::system::result<class boost::json::value const &,class boost::system::error_code> __cdecl boost::json::object::try_at(class boost::core::basic_string_view<char>) noexcept const']
2024-10-14 17:39:06 –û—à–∏–±–∫–∞ –ø—Ä–∏ –æ–±—Ä–∞–±–æ—Ç–∫–µ —Å–æ–æ–±—â–µ–Ω–∏—è: out of range [boost.json:17 at .\boost/json/impl/object.ipp:452:5 in function 'class boost::system::result<class boost::json::value const &,class boost::system::error_code> __cdecl boost::json::object::try_at(class boost::core::basic_string_view<char>) noexcept const']
2024-10-14 17:39:07 –û—à–∏–±–∫–∞ –ø—Ä–∏ –æ–±—Ä–∞–±–æ—Ç–∫–µ —Å–æ–æ–±—â–µ–Ω–∏—è: out of range [boost.json:17 at .\boost/json/impl/object.ipp:452:5 in function 'class boost::system::result<class boost::json::value const &,class boost::system::error_code> __cdecl boost::json::object::try_at(class boost::core::basic_string_view<char>) noexcept const']
2024-10-14 17:40:30 –û—à–∏–±–∫–∞ —á—Ç–µ–Ω–∏—è: end of stream(1) –≤ —Ñ–∞–π–ª–µ C:\Users\Lyuxet\projects\booking_vr\source\https_server.cpp —Å—Ç—Ä–æ–∫–µ 18
2024-10-14 17:43:41 –û—à–∏–±–∫–∞ —á—Ç–µ–Ω–∏—è: end of stream(1) –≤ —Ñ–∞–π–ª–µ C:\Users\Lyuxet\projects\booking_vr\source\https_server.cpp —Å—Ç—Ä–æ–∫–µ 18
2024-10-14 17:45:43 –û—à–∏–±–∫–∞ —á—Ç–µ–Ω–∏—è: end of stream(1) –≤ —Ñ–∞–π–ª–µ C:\Users\Lyuxet\projects\booking_vr\source\https_server.cpp —Å—Ç—Ä–æ–∫–µ 18
2024-10-14 17:47:07 –û—à–∏–±–∫–∞ —á—Ç–µ–Ω–∏—è: end of stream(1) –≤ —Ñ–∞–π–ª–µ C:\Users\Lyuxet\projects\booking_vr\source\https_server.cpp —Å—Ç—Ä–æ–∫–µ 18
2024-10-14 17:48:57 –û—à–∏–±–∫–∞ –ø—Ä–∏ –æ–±—Ä–∞–±–æ—Ç–∫–µ —Å–æ–æ–±—â–µ–Ω–∏—è: out of range [boost.json:17 at .\boost/json/impl/object.ipp:452:5 in function 'class boost::system::result<class boost::json::value const &,class boost::system::error_code> __cdecl boost::json::object::try_at(class boost::core::basic_string_view<char>) noexcept const']
2024-10-14 17:48:58 –û—à–∏–±–∫–∞ –ø—Ä–∏ –æ–±—Ä–∞–±–æ—Ç–∫–µ —Å–æ–æ–±—â–µ–Ω–∏—è: out of range [boost.json:17 at .\boost/json/impl/object.ipp:452:5 in function 'class boost::system::result<class boost::json::value const &,class boost::system::error_code> __cdecl boost::json::object::try_at(class boost::core::basic_string_view<char>) noexcept const']
2024-10-14 17:48:58 –û—à–∏–±–∫–∞ –ø—Ä–∏ –æ–±—Ä–∞–±–æ—Ç–∫–µ —Å–æ–æ–±—â–µ–Ω–∏—è: out of range [boost.json:17 at .\boost/json/impl/object.ipp:452:5 in function 'class boost::system::result<class boost::json::value const &,class boost::system::error_code> __cdecl boost::json::object::try_at(class boost::core::basic_string_view<char>) noexcept const']
2024-10-14 17:48:58 –û—à–∏–±–∫–∞ –ø—Ä–∏ –æ–±—Ä–∞–±–æ—Ç–∫–µ —Å–æ–æ–±—â–µ–Ω–∏—è: out of range [boost.json:17 at .\boost/json/impl/object.ipp:452:5 in function 'class boost::system::result<class boost::json::value const &,class boost::system::error_code> __cdecl boost::json::object::try_at(class boost::core::basic_string_view<char>) noexcept const']
2024-10-14 17:48:59 –û—à–∏–±–∫–∞ –ø—Ä–∏ –æ–±—Ä–∞–±–æ—Ç–∫–µ —Å–æ–æ–±—â–µ–Ω–∏—è: out of range [boost.json:17 at .\boost/json/impl/object.ipp:452:5 in function 'class boost::system::result<class boost::json::value const &,class boost::system::error_code> __cdecl boost::json::object::try_at(class boost::core::basic_string_view<char>) noexcept const']
2024-10-14 17:50:34 –û—à–∏–±–∫–∞ —á—Ç–µ–Ω–∏—è: end of stream(1) –≤ —Ñ–∞–π–ª–µ C:\Users\Lyuxet\projects\booking_vr\source\https_server.cpp —Å—Ç—Ä–æ–∫–µ 18
